<?xml version="1.0" encoding="utf-8"?>
<CoverageSession xmlns:xsd="http://www.w3.org/2001/XMLSchema" xmlns:xsi="http://www.w3.org/2001/XMLSchema-instance">
  <Summary numSequencePoints="350" visitedSequencePoints="175" numBranchPoints="36" visitedBranchPoints="18" sequenceCoverage="50" branchCoverage="50" maxCyclomaticComplexity="1" minCyclomaticComplexity="1" visitedClasses="4" numClasses="8" visitedMethods="18" numMethods="36" />
  <Modules>
    <Module skippedDueTo="Filter" hash="47-4F-7D-35-73-BF-74-9F-66-10-A9-01-D4-C8-14-7C-0F-BC-78-49">
      <ModulePath>C:\WINDOWS\Microsoft.Net\assembly\GAC_32\mscorlib\v4.0_4.0.0.0__b77a5c561934e089\mscorlib.dll</ModulePath>
      <ModuleTime>2018-07-25T03:18:03.7302244Z</ModuleTime>
      <ModuleName>mscorlib</ModuleName>
      <Classes />
    </Module>
    <Module skippedDueTo="Filter" hash="34-37-1D-D7-24-F4-70-DA-B2-C0-49-65-ED-62-71-33-A7-AD-77-36">
      <ModulePath>C:\Program Files (x86)\Microsoft Visual Studio\2017\Enterprise\Common7\IDE\mstest.exe</ModulePath>
      <ModuleTime>2018-08-21T07:13:30.965962Z</ModuleTime>
      <ModuleName>MSTest</ModuleName>
      <Classes />
    </Module>
    <Module skippedDueTo="Filter" hash="55-E0-1B-76-A0-3D-AC-19-E4-0B-1E-23-5F-39-F8-93-2B-0C-79-11">
      <ModulePath>C:\Program Files (x86)\Microsoft Visual Studio\2017\Enterprise\Common7\IDE\PublicAssemblies\Microsoft.VisualStudio.QualityTools.Common.dll</ModulePath>
      <ModuleTime>2018-08-21T07:13:30.965962Z</ModuleTime>
      <ModuleName>Microsoft.VisualStudio.QualityTools.Common</ModuleName>
      <Classes />
    </Module>
    <Module skippedDueTo="Filter" hash="08-DE-EA-E1-0B-80-32-F5-3F-FB-C0-A6-E1-61-D8-B3-5E-75-1A-C4">
      <ModulePath>C:\WINDOWS\Microsoft.Net\assembly\GAC_MSIL\System\v4.0_4.0.0.0__b77a5c561934e089\System.dll</ModulePath>
      <ModuleTime>2018-07-25T03:18:11.8724221Z</ModuleTime>
      <ModuleName>System</ModuleName>
      <Classes />
    </Module>
    <Module skippedDueTo="Filter" hash="31-C3-C6-44-A9-F2-79-98-68-38-C5-89-8E-4D-FA-1F-89-C1-8E-40">
      <ModulePath>C:\Program Files (x86)\Microsoft Visual Studio\2017\Enterprise\Common7\IDE\PublicAssemblies\Microsoft.VisualStudio.QualityTools.ExecutionCommon.dll</ModulePath>
      <ModuleTime>2018-08-21T07:13:30.965962Z</ModuleTime>
      <ModuleName>Microsoft.VisualStudio.QualityTools.ExecutionCommon</ModuleName>
      <Classes />
    </Module>
    <Module skippedDueTo="Filter" hash="63-D0-A3-00-A4-34-41-BF-A3-FA-8E-33-AD-87-1B-F5-12-32-09-76">
      <ModulePath>C:\Program Files (x86)\Microsoft Visual Studio\2017\Enterprise\Common7\IDE\PrivateAssemblies\Microsoft.VisualStudio.QualityTools.Resource.dll</ModulePath>
      <ModuleTime>2018-08-21T07:13:30.965962Z</ModuleTime>
      <ModuleName>Microsoft.VisualStudio.QualityTools.Resource</ModuleName>
      <Classes />
    </Module>
    <Module skippedDueTo="Filter" hash="2A-F4-1C-14-5D-7A-74-B3-03-8B-1D-2A-59-DC-B6-BE-1D-C8-EF-54">
      <ModulePath>C:\WINDOWS\Microsoft.Net\assembly\GAC_MSIL\System.Configuration\v4.0_4.0.0.0__b03f5f7f11d50a3a\System.Configuration.dll</ModulePath>
      <ModuleTime>2018-04-11T23:35:16.9508953Z</ModuleTime>
      <ModuleName>System.Configuration</ModuleName>
      <Classes />
    </Module>
    <Module skippedDueTo="Filter" hash="F2-26-5B-FA-55-E9-5B-BC-DD-3A-32-56-2C-38-71-11-1A-8E-6D-32">
      <ModulePath>C:\WINDOWS\Microsoft.Net\assembly\GAC_MSIL\System.Xml\v4.0_4.0.0.0__b77a5c561934e089\System.Xml.dll</ModulePath>
      <ModuleTime>2018-04-11T23:35:17.0290261Z</ModuleTime>
      <ModuleName>System.Xml</ModuleName>
      <Classes />
    </Module>
    <Module skippedDueTo="Filter" hash="8D-05-94-9B-C0-37-FC-20-A2-09-FB-A3-0C-1E-A6-A9-4E-76-2A-89">
      <ModulePath>C:\Program Files (x86)\Microsoft Visual Studio\2017\Enterprise\Common7\IDE\PrivateAssemblies\Microsoft.VisualStudio.QualityTools.CommandLine.dll</ModulePath>
      <ModuleTime>2018-08-21T07:13:30.965962Z</ModuleTime>
      <ModuleName>Microsoft.VisualStudio.QualityTools.CommandLine</ModuleName>
      <Classes />
    </Module>
    <Module skippedDueTo="Filter" hash="9B-7B-48-05-F2-4A-1F-A4-88-15-93-AE-1B-8B-A5-49-FB-7D-82-E1">
      <ModulePath>C:\Program Files (x86)\Microsoft Visual Studio\2017\Enterprise\Common7\IDE\PrivateAssemblies\Microsoft.VisualStudio.QualityTools.TMI.dll</ModulePath>
      <ModuleTime>2018-08-21T07:13:30.965962Z</ModuleTime>
      <ModuleName>Microsoft.VisualStudio.QualityTools.TMI</ModuleName>
      <Classes />
    </Module>
    <Module skippedDueTo="Filter" hash="8A-A3-7C-51-36-22-C7-D2-9D-0E-92-82-67-4D-3C-F3-60-CF-41-6A">
      <ModulePath>C:\WINDOWS\Microsoft.Net\assembly\GAC_MSIL\System.Core\v4.0_4.0.0.0__b77a5c561934e089\System.Core.dll</ModulePath>
      <ModuleTime>2018-08-06T08:35:20.0113607Z</ModuleTime>
      <ModuleName>System.Core</ModuleName>
      <Classes />
    </Module>
    <Module skippedDueTo="Filter" hash="5E-75-B0-04-A5-00-F6-29-47-79-54-D4-62-D3-B2-94-D5-05-11-E1">
      <ModulePath>C:\WINDOWS\Microsoft.Net\assembly\GAC_32\System.Data\v4.0_4.0.0.0__b77a5c561934e089\System.Data.dll</ModulePath>
      <ModuleTime>2018-08-06T08:35:19.995737Z</ModuleTime>
      <ModuleName>System.Data</ModuleName>
      <Classes />
    </Module>
    <Module skippedDueTo="Filter" hash="CB-9A-69-FA-E9-A7-1D-79-EC-E4-45-7B-80-24-5F-0E-56-96-EA-D4">
      <ModulePath>C:\WINDOWS\Microsoft.Net\assembly\GAC_MSIL\System.Numerics\v4.0_4.0.0.0__b77a5c561934e089\System.Numerics.dll</ModulePath>
      <ModuleTime>2018-04-11T23:35:17.0446523Z</ModuleTime>
      <ModuleName>System.Numerics</ModuleName>
      <Classes />
    </Module>
    <Module skippedDueTo="Filter" hash="56-19-E4-7F-9D-08-2A-5D-25-92-FC-AC-8E-40-FB-0D-95-AA-95-71">
      <ModulePath>C:\WINDOWS\Microsoft.Net\assembly\GAC_32\System.Web\v4.0_4.0.0.0__b03f5f7f11d50a3a\System.Web.dll</ModulePath>
      <ModuleTime>2018-08-06T08:35:19.8394919Z</ModuleTime>
      <ModuleName>System.Web</ModuleName>
      <Classes />
    </Module>
    <Module skippedDueTo="Filter" hash="">
      <ModulePath>RefEmit_InMemoryManifestModule</ModulePath>
      <ModuleTime>0001-01-01T00:00:00</ModuleTime>
      <ModuleName>Microsoft.GeneratedCode</ModuleName>
      <Classes />
    </Module>
    <Module skippedDueTo="Filter" hash="92-9E-DC-AE-F6-D3-8B-E4-35-B4-71-A5-F8-06-17-1E-1C-8F-1F-64">
      <ModulePath>C:\Program Files (x86)\Microsoft Visual Studio\2017\Enterprise\Common7\IDE\PrivateAssemblies\Microsoft.VisualStudio.QualityTools.Tips.UnitTest.Tip.dll</ModulePath>
      <ModuleTime>2018-08-21T07:13:30.965962Z</ModuleTime>
      <ModuleName>Microsoft.VisualStudio.QualityTools.Tips.UnitTest.Tip</ModuleName>
      <Classes />
    </Module>
    <Module skippedDueTo="Filter" hash="A9-E6-B8-A8-FD-45-D2-61-56-0A-C0-B3-5C-2E-72-D7-BD-21-95-D8">
      <ModulePath>C:\Program Files (x86)\Microsoft Visual Studio\2017\Enterprise\Common7\IDE\PrivateAssemblies\Microsoft.VisualStudio.QualityTools.Tips.UnitTest.ObjectModel.dll</ModulePath>
      <ModuleTime>2018-08-21T07:13:30.965962Z</ModuleTime>
      <ModuleName>Microsoft.VisualStudio.QualityTools.Tips.UnitTest.ObjectModel</ModuleName>
      <Classes />
    </Module>
    <Module skippedDueTo="Filter" hash="A9-68-AA-CA-33-6E-E1-49-5B-A8-1D-23-B7-DA-8E-C6-CF-E7-EB-96">
      <ModulePath>C:\Program Files (x86)\Microsoft Visual Studio\2017\Enterprise\Common7\IDE\PublicAssemblies\Microsoft.VisualStudio.QualityTools.UnitTestFramework.dll</ModulePath>
      <ModuleTime>2018-08-21T07:13:30.965962Z</ModuleTime>
      <ModuleName>Microsoft.VisualStudio.QualityTools.UnitTestFramework</ModuleName>
      <Classes />
    </Module>
    <Module skippedDueTo="Filter" hash="95-75-18-46-E4-DA-1D-9F-BC-A3-DE-25-12-75-63-B0-41-53-A8-CB">
      <ModulePath>C:\Program Files (x86)\Microsoft Visual Studio\2017\Enterprise\Common7\IDE\PublicAssemblies\Microsoft.VisualStudio.QualityTools.CodedUITestFramework.dll</ModulePath>
      <ModuleTime>2018-02-27T05:57:34.63686Z</ModuleTime>
      <ModuleName>Microsoft.VisualStudio.QualityTools.CodedUITestFramework</ModuleName>
      <Classes />
    </Module>
    <Module skippedDueTo="Filter" hash="FC-10-7C-55-5C-C1-EC-4C-27-61-9A-A4-8D-58-B5-52-F7-14-B3-DA">
      <ModulePath>C:\Program Files (x86)\Microsoft Visual Studio\2017\Enterprise\Common7\IDE\PrivateAssemblies\Microsoft.VisualStudio.QualityTools.Tips.UnitTest.AssemblyResolver.dll</ModulePath>
      <ModuleTime>2018-08-21T07:13:30.965962Z</ModuleTime>
      <ModuleName>Microsoft.VisualStudio.QualityTools.Tips.UnitTest.AssemblyResolver</ModuleName>
      <Classes />
    </Module>
    <Module skippedDueTo="Filter" hash="FC-10-7C-55-5C-C1-EC-4C-27-61-9A-A4-8D-58-B5-52-F7-14-B3-DA">
      <ModulePath>C:\Program Files (x86)\Microsoft Visual Studio\2017\Enterprise\Common7\IDE\PrivateAssemblies\Microsoft.VisualStudio.QualityTools.Tips.UnitTest.AssemblyResolver.dll</ModulePath>
      <ModuleTime>2018-08-21T07:13:30.965962Z</ModuleTime>
      <ModuleName>Microsoft.VisualStudio.QualityTools.Tips.UnitTest.AssemblyResolver</ModuleName>
      <Classes />
    </Module>
    <Module skippedDueTo="Filter" hash="92-9E-DC-AE-F6-D3-8B-E4-35-B4-71-A5-F8-06-17-1E-1C-8F-1F-64">
      <ModulePath>C:\Program Files (x86)\Microsoft Visual Studio\2017\Enterprise\Common7\IDE\PrivateAssemblies\Microsoft.VisualStudio.QualityTools.Tips.UnitTest.Tip.dll</ModulePath>
      <ModuleTime>2018-08-21T07:13:30.965962Z</ModuleTime>
      <ModuleName>Microsoft.VisualStudio.QualityTools.Tips.UnitTest.Tip</ModuleName>
      <Classes />
    </Module>
    <Module skippedDueTo="Filter" hash="55-E0-1B-76-A0-3D-AC-19-E4-0B-1E-23-5F-39-F8-93-2B-0C-79-11">
      <ModulePath>C:\Program Files (x86)\Microsoft Visual Studio\2017\Enterprise\Common7\IDE\PublicAssemblies\Microsoft.VisualStudio.QualityTools.Common.dll</ModulePath>
      <ModuleTime>2018-08-21T07:13:30.965962Z</ModuleTime>
      <ModuleName>Microsoft.VisualStudio.QualityTools.Common</ModuleName>
      <Classes />
    </Module>
    <Module skippedDueTo="Filter" hash="A9-E6-B8-A8-FD-45-D2-61-56-0A-C0-B3-5C-2E-72-D7-BD-21-95-D8">
      <ModulePath>C:\Program Files (x86)\Microsoft Visual Studio\2017\Enterprise\Common7\IDE\PrivateAssemblies\Microsoft.VisualStudio.QualityTools.Tips.UnitTest.ObjectModel.dll</ModulePath>
      <ModuleTime>2018-08-21T07:13:30.965962Z</ModuleTime>
      <ModuleName>Microsoft.VisualStudio.QualityTools.Tips.UnitTest.ObjectModel</ModuleName>
      <Classes />
    </Module>
    <Module skippedDueTo="Filter" hash="A9-68-AA-CA-33-6E-E1-49-5B-A8-1D-23-B7-DA-8E-C6-CF-E7-EB-96">
      <ModulePath>C:\Program Files (x86)\Microsoft Visual Studio\2017\Enterprise\Common7\IDE\PublicAssemblies\Microsoft.VisualStudio.QualityTools.UnitTestFramework.dll</ModulePath>
      <ModuleTime>2018-08-21T07:13:30.965962Z</ModuleTime>
      <ModuleName>Microsoft.VisualStudio.QualityTools.UnitTestFramework</ModuleName>
      <Classes />
    </Module>
    <Module skippedDueTo="Filter" hash="63-D0-A3-00-A4-34-41-BF-A3-FA-8E-33-AD-87-1B-F5-12-32-09-76">
      <ModulePath>C:\Program Files (x86)\Microsoft Visual Studio\2017\Enterprise\Common7\IDE\PrivateAssemblies\Microsoft.VisualStudio.QualityTools.Resource.dll</ModulePath>
      <ModuleTime>2018-08-21T07:13:30.965962Z</ModuleTime>
      <ModuleName>Microsoft.VisualStudio.QualityTools.Resource</ModuleName>
      <Classes />
    </Module>
    <Module hash="79-C6-D1-7A-0F-9C-90-DC-5D-16-59-2B-F9-B0-81-13-08-A6-17-05">
      <Summary numSequencePoints="175" visitedSequencePoints="0" numBranchPoints="18" visitedBranchPoints="0" sequenceCoverage="0" branchCoverage="0" maxCyclomaticComplexity="1" minCyclomaticComplexity="1" visitedClasses="0" numClasses="4" visitedMethods="0" numMethods="18" />
      <ModulePath>C:\Users\Admin\Documents\Visual Studio 2017\Projects\ProjectManagerPortal\ProjectManagerPortal.Tests\bin\Debug\ProjectManagerPortal.Tests.dll</ModulePath>
      <ModuleTime>2018-09-06T11:41:05.7844492Z</ModuleTime>
      <ModuleName>ProjectManagerPortal.Tests</ModuleName>
      <Files>
        <File uid="1" fullPath="C:\Users\Admin\Documents\Visual Studio 2017\Projects\ProjectManagerPortal\ProjectManagerPortal.Tests\ParentTaskControllerTest.cs" />
        <File uid="2" fullPath="C:\Users\Admin\Documents\Visual Studio 2017\Projects\ProjectManagerPortal\ProjectManagerPortal.Tests\ProjectControllerTest.cs" />
        <File uid="3" fullPath="C:\Users\Admin\Documents\Visual Studio 2017\Projects\ProjectManagerPortal\ProjectManagerPortal.Tests\TaskControllerTest.cs" />
        <File uid="4" fullPath="C:\Users\Admin\Documents\Visual Studio 2017\Projects\ProjectManagerPortal\ProjectManagerPortal.Tests\UserControllerTest.cs" />
      </Files>
      <Classes>
        <Class>
          <Summary numSequencePoints="0" visitedSequencePoints="0" numBranchPoints="0" visitedBranchPoints="0" sequenceCoverage="0" branchCoverage="0" maxCyclomaticComplexity="0" minCyclomaticComplexity="0" visitedClasses="0" numClasses="0" visitedMethods="0" numMethods="0" />
          <FullName>&lt;Module&gt;</FullName>
          <Methods />
        </Class>
        <Class>
          <Summary numSequencePoints="37" visitedSequencePoints="0" numBranchPoints="4" visitedBranchPoints="0" sequenceCoverage="0" branchCoverage="0" maxCyclomaticComplexity="1" minCyclomaticComplexity="1" visitedClasses="0" numClasses="1" visitedMethods="0" numMethods="4" />
          <FullName>ProjectManagerPortal.Tests.ParentTaskControllerTest</FullName>
          <Methods>
            <Method visited="false" cyclomaticComplexity="1" nPathComplexity="0" sequenceCoverage="0" branchCoverage="0" isConstructor="false" isStatic="false" isGetter="false" isSetter="false">
              <Summary numSequencePoints="11" visitedSequencePoints="0" numBranchPoints="1" visitedBranchPoints="0" sequenceCoverage="0" branchCoverage="0" maxCyclomaticComplexity="1" minCyclomaticComplexity="1" visitedClasses="0" numClasses="0" visitedMethods="0" numMethods="1" />
              <MetadataToken>100663297</MetadataToken>
              <Name>System.Void ProjectManagerPortal.Tests.ParentTaskControllerTest::GetAllParentTask()</Name>
              <FileRef uid="1" />
              <SequencePoints>
                <SequencePoint vc="0" uspid="1" ordinal="0" offset="0" sl="21" sc="9" el="21" ec="10" bec="0" bev="0" fileid="1" />
                <SequencePoint vc="0" uspid="2" ordinal="1" offset="1" sl="22" sc="13" el="34" ec="15" bec="0" bev="0" fileid="1" />
                <SequencePoint vc="0" uspid="3" ordinal="2" offset="71" sl="36" sc="13" el="36" ec="51" bec="0" bev="0" fileid="1" />
                <SequencePoint vc="0" uspid="4" ordinal="3" offset="77" sl="37" sc="13" el="37" ec="85" bec="0" bev="0" fileid="1" />
                <SequencePoint vc="0" uspid="5" ordinal="4" offset="156" sl="39" sc="13" el="43" ec="15" bec="0" bev="0" fileid="1" />
                <SequencePoint vc="0" uspid="6" ordinal="5" offset="192" sl="45" sc="13" el="45" ec="64" bec="0" bev="0" fileid="1" />
                <SequencePoint vc="0" uspid="7" ordinal="6" offset="199" sl="47" sc="13" el="47" ec="54" bec="0" bev="0" fileid="1" />
                <SequencePoint vc="0" uspid="8" ordinal="7" offset="208" sl="48" sc="13" el="48" ec="60" bec="0" bev="0" fileid="1" />
                <SequencePoint vc="0" uspid="9" ordinal="8" offset="227" sl="49" sc="13" el="49" ec="80" bec="0" bev="0" fileid="1" />
                <SequencePoint vc="0" uspid="10" ordinal="9" offset="258" sl="50" sc="13" el="50" ec="86" bec="0" bev="0" fileid="1" />
                <SequencePoint vc="0" uspid="11" ordinal="10" offset="289" sl="51" sc="9" el="51" ec="10" bec="0" bev="0" fileid="1" />
              </SequencePoints>
              <BranchPoints />
              <MethodPoint xsi:type="SequencePoint" vc="0" uspid="1" ordinal="0" offset="0" sl="21" sc="9" el="21" ec="10" bec="0" bev="0" fileid="1" />
            </Method>
            <Method visited="false" cyclomaticComplexity="1" nPathComplexity="0" sequenceCoverage="0" branchCoverage="0" isConstructor="false" isStatic="false" isGetter="false" isSetter="false">
              <Summary numSequencePoints="10" visitedSequencePoints="0" numBranchPoints="1" visitedBranchPoints="0" sequenceCoverage="0" branchCoverage="0" maxCyclomaticComplexity="1" minCyclomaticComplexity="1" visitedClasses="0" numClasses="0" visitedMethods="0" numMethods="1" />
              <MetadataToken>100663298</MetadataToken>
              <Name>System.Void ProjectManagerPortal.Tests.ParentTaskControllerTest::GetParentTask()</Name>
              <FileRef uid="1" />
              <SequencePoints>
                <SequencePoint vc="0" uspid="12" ordinal="0" offset="0" sl="55" sc="9" el="55" ec="10" bec="0" bev="0" fileid="1" />
                <SequencePoint vc="0" uspid="13" ordinal="1" offset="1" sl="56" sc="13" el="59" ec="15" bec="0" bev="0" fileid="1" />
                <SequencePoint vc="0" uspid="14" ordinal="2" offset="27" sl="61" sc="13" el="61" ec="51" bec="0" bev="0" fileid="1" />
                <SequencePoint vc="0" uspid="15" ordinal="3" offset="33" sl="62" sc="13" el="62" ec="79" bec="0" bev="0" fileid="1" />
                <SequencePoint vc="0" uspid="16" ordinal="4" offset="136" sl="64" sc="13" el="68" ec="15" bec="0" bev="0" fileid="1" />
                <SequencePoint vc="0" uspid="17" ordinal="5" offset="172" sl="70" sc="13" el="70" ec="65" bec="0" bev="0" fileid="1" />
                <SequencePoint vc="0" uspid="18" ordinal="6" offset="180" sl="72" sc="13" el="72" ec="54" bec="0" bev="0" fileid="1" />
                <SequencePoint vc="0" uspid="19" ordinal="7" offset="189" sl="73" sc="13" el="73" ec="71" bec="0" bev="0" fileid="1" />
                <SequencePoint vc="0" uspid="20" ordinal="8" offset="208" sl="74" sc="13" el="74" ec="77" bec="0" bev="0" fileid="1" />
                <SequencePoint vc="0" uspid="21" ordinal="9" offset="227" sl="75" sc="9" el="75" ec="10" bec="0" bev="0" fileid="1" />
              </SequencePoints>
              <BranchPoints />
              <MethodPoint xsi:type="SequencePoint" vc="0" uspid="12" ordinal="0" offset="0" sl="55" sc="9" el="55" ec="10" bec="0" bev="0" fileid="1" />
            </Method>
            <Method visited="false" cyclomaticComplexity="1" nPathComplexity="0" sequenceCoverage="0" branchCoverage="0" isConstructor="false" isStatic="false" isGetter="false" isSetter="false">
              <Summary numSequencePoints="8" visitedSequencePoints="0" numBranchPoints="1" visitedBranchPoints="0" sequenceCoverage="0" branchCoverage="0" maxCyclomaticComplexity="1" minCyclomaticComplexity="1" visitedClasses="0" numClasses="0" visitedMethods="0" numMethods="1" />
              <MetadataToken>100663299</MetadataToken>
              <Name>System.Void ProjectManagerPortal.Tests.ParentTaskControllerTest::AddParentTask()</Name>
              <FileRef uid="1" />
              <SequencePoints>
                <SequencePoint vc="0" uspid="22" ordinal="0" offset="6" sl="79" sc="9" el="79" ec="10" bec="0" bev="0" fileid="1" />
                <SequencePoint vc="0" uspid="23" ordinal="1" offset="7" sl="80" sc="13" el="85" ec="21" bec="0" bev="0" fileid="1" />
                <SequencePoint vc="0" uspid="24" ordinal="2" offset="38" sl="87" sc="13" el="87" ec="51" bec="0" bev="0" fileid="1" />
                <SequencePoint vc="0" uspid="25" ordinal="3" offset="44" sl="88" sc="13" el="88" ec="70" bec="0" bev="0" fileid="1" />
                <SequencePoint vc="0" uspid="26" ordinal="4" offset="151" sl="90" sc="13" el="94" ec="15" bec="0" bev="0" fileid="1" />
                <SequencePoint vc="0" uspid="27" ordinal="5" offset="187" sl="96" sc="13" el="96" ec="75" bec="0" bev="0" fileid="1" />
                <SequencePoint vc="0" uspid="28" ordinal="6" offset="200" sl="98" sc="13" el="98" ec="70" bec="0" bev="0" fileid="1" />
                <SequencePoint vc="0" uspid="29" ordinal="7" offset="232" sl="99" sc="9" el="99" ec="10" bec="0" bev="0" fileid="1" />
              </SequencePoints>
              <BranchPoints />
              <MethodPoint vc="0" uspid="30" ordinal="0" offset="0" />
            </Method>
            <Method visited="false" cyclomaticComplexity="1" nPathComplexity="0" sequenceCoverage="0" branchCoverage="0" isConstructor="false" isStatic="false" isGetter="false" isSetter="false">
              <Summary numSequencePoints="8" visitedSequencePoints="0" numBranchPoints="1" visitedBranchPoints="0" sequenceCoverage="0" branchCoverage="0" maxCyclomaticComplexity="1" minCyclomaticComplexity="1" visitedClasses="0" numClasses="0" visitedMethods="0" numMethods="1" />
              <MetadataToken>100663300</MetadataToken>
              <Name>System.Void ProjectManagerPortal.Tests.ParentTaskControllerTest::UpdateTask()</Name>
              <FileRef uid="1" />
              <SequencePoints>
                <SequencePoint vc="0" uspid="31" ordinal="0" offset="6" sl="104" sc="9" el="104" ec="10" bec="0" bev="0" fileid="1" />
                <SequencePoint vc="0" uspid="32" ordinal="1" offset="7" sl="105" sc="13" el="110" ec="20" bec="0" bev="0" fileid="1" />
                <SequencePoint vc="0" uspid="33" ordinal="2" offset="38" sl="112" sc="13" el="112" ec="51" bec="0" bev="0" fileid="1" />
                <SequencePoint vc="0" uspid="34" ordinal="3" offset="44" sl="113" sc="13" el="113" ec="73" bec="0" bev="0" fileid="1" />
                <SequencePoint vc="0" uspid="35" ordinal="4" offset="151" sl="115" sc="13" el="119" ec="15" bec="0" bev="0" fileid="1" />
                <SequencePoint vc="0" uspid="36" ordinal="5" offset="187" sl="121" sc="13" el="121" ec="99" bec="0" bev="0" fileid="1" />
                <SequencePoint vc="0" uspid="37" ordinal="6" offset="211" sl="123" sc="13" el="123" ec="70" bec="0" bev="0" fileid="1" />
                <SequencePoint vc="0" uspid="38" ordinal="7" offset="243" sl="124" sc="9" el="124" ec="10" bec="0" bev="0" fileid="1" />
              </SequencePoints>
              <BranchPoints />
              <MethodPoint vc="0" uspid="39" ordinal="0" offset="0" />
            </Method>
            <Method visited="false" cyclomaticComplexity="1" nPathComplexity="0" sequenceCoverage="0" branchCoverage="0" isConstructor="true" isStatic="false" isGetter="false" isSetter="false">
              <Summary numSequencePoints="0" visitedSequencePoints="0" numBranchPoints="0" visitedBranchPoints="0" sequenceCoverage="0" branchCoverage="0" maxCyclomaticComplexity="1" minCyclomaticComplexity="1" visitedClasses="0" numClasses="0" visitedMethods="0" numMethods="0" />
              <MetadataToken>100663301</MetadataToken>
              <Name>System.Void ProjectManagerPortal.Tests.ParentTaskControllerTest::.ctor()</Name>
              <SequencePoints />
              <BranchPoints />
              <MethodPoint vc="0" uspid="40" ordinal="0" offset="0" />
            </Method>
          </Methods>
        </Class>
        <Class>
          <Summary numSequencePoints="0" visitedSequencePoints="0" numBranchPoints="0" visitedBranchPoints="0" sequenceCoverage="0" branchCoverage="0" maxCyclomaticComplexity="1" minCyclomaticComplexity="1" visitedClasses="0" numClasses="0" visitedMethods="0" numMethods="0" />
          <FullName>ProjectManagerPortal.Tests.ParentTaskControllerTest/&lt;&gt;c</FullName>
          <Methods>
            <Method visited="false" cyclomaticComplexity="1" nPathComplexity="0" sequenceCoverage="0" branchCoverage="0" isConstructor="true" isStatic="true" isGetter="false" isSetter="false">
              <Summary numSequencePoints="0" visitedSequencePoints="0" numBranchPoints="0" visitedBranchPoints="0" sequenceCoverage="0" branchCoverage="0" maxCyclomaticComplexity="1" minCyclomaticComplexity="1" visitedClasses="0" numClasses="0" visitedMethods="0" numMethods="0" />
              <MetadataToken>100663319</MetadataToken>
              <Name>System.Void ProjectManagerPortal.Tests.ParentTaskControllerTest/&lt;&gt;c::.cctor()</Name>
              <SequencePoints />
              <BranchPoints />
              <MethodPoint vc="0" uspid="41" ordinal="0" offset="0" />
            </Method>
            <Method visited="false" cyclomaticComplexity="1" nPathComplexity="0" sequenceCoverage="0" branchCoverage="0" isConstructor="true" isStatic="false" isGetter="false" isSetter="false">
              <Summary numSequencePoints="0" visitedSequencePoints="0" numBranchPoints="0" visitedBranchPoints="0" sequenceCoverage="0" branchCoverage="0" maxCyclomaticComplexity="1" minCyclomaticComplexity="1" visitedClasses="0" numClasses="0" visitedMethods="0" numMethods="0" />
              <MetadataToken>100663320</MetadataToken>
              <Name>System.Void ProjectManagerPortal.Tests.ParentTaskControllerTest/&lt;&gt;c::.ctor()</Name>
              <SequencePoints />
              <BranchPoints />
              <MethodPoint vc="0" uspid="42" ordinal="0" offset="0" />
            </Method>
          </Methods>
        </Class>
        <Class>
          <Summary numSequencePoints="0" visitedSequencePoints="0" numBranchPoints="0" visitedBranchPoints="0" sequenceCoverage="0" branchCoverage="0" maxCyclomaticComplexity="1" minCyclomaticComplexity="1" visitedClasses="0" numClasses="0" visitedMethods="0" numMethods="0" />
          <FullName>ProjectManagerPortal.Tests.ParentTaskControllerTest/&lt;&gt;c__DisplayClass2_0</FullName>
          <Methods>
            <Method visited="false" cyclomaticComplexity="1" nPathComplexity="0" sequenceCoverage="0" branchCoverage="0" isConstructor="true" isStatic="false" isGetter="false" isSetter="false">
              <Summary numSequencePoints="0" visitedSequencePoints="0" numBranchPoints="0" visitedBranchPoints="0" sequenceCoverage="0" branchCoverage="0" maxCyclomaticComplexity="1" minCyclomaticComplexity="1" visitedClasses="0" numClasses="0" visitedMethods="0" numMethods="0" />
              <MetadataToken>100663321</MetadataToken>
              <Name>System.Void ProjectManagerPortal.Tests.ParentTaskControllerTest/&lt;&gt;c__DisplayClass2_0::.ctor()</Name>
              <SequencePoints />
              <BranchPoints />
              <MethodPoint vc="0" uspid="43" ordinal="0" offset="0" />
            </Method>
          </Methods>
        </Class>
        <Class>
          <Summary numSequencePoints="0" visitedSequencePoints="0" numBranchPoints="0" visitedBranchPoints="0" sequenceCoverage="0" branchCoverage="0" maxCyclomaticComplexity="1" minCyclomaticComplexity="1" visitedClasses="0" numClasses="0" visitedMethods="0" numMethods="0" />
          <FullName>ProjectManagerPortal.Tests.ParentTaskControllerTest/&lt;&gt;c__DisplayClass3_0</FullName>
          <Methods>
            <Method visited="false" cyclomaticComplexity="1" nPathComplexity="0" sequenceCoverage="0" branchCoverage="0" isConstructor="true" isStatic="false" isGetter="false" isSetter="false">
              <Summary numSequencePoints="0" visitedSequencePoints="0" numBranchPoints="0" visitedBranchPoints="0" sequenceCoverage="0" branchCoverage="0" maxCyclomaticComplexity="1" minCyclomaticComplexity="1" visitedClasses="0" numClasses="0" visitedMethods="0" numMethods="0" />
              <MetadataToken>100663322</MetadataToken>
              <Name>System.Void ProjectManagerPortal.Tests.ParentTaskControllerTest/&lt;&gt;c__DisplayClass3_0::.ctor()</Name>
              <SequencePoints />
              <BranchPoints />
              <MethodPoint vc="0" uspid="44" ordinal="0" offset="0" />
            </Method>
          </Methods>
        </Class>
        <Class>
          <Summary numSequencePoints="43" visitedSequencePoints="0" numBranchPoints="4" visitedBranchPoints="0" sequenceCoverage="0" branchCoverage="0" maxCyclomaticComplexity="1" minCyclomaticComplexity="1" visitedClasses="0" numClasses="1" visitedMethods="0" numMethods="4" />
          <FullName>ProjectManagerPortal.Tests.ProjectControllerTest</FullName>
          <Methods>
            <Method visited="false" cyclomaticComplexity="1" nPathComplexity="0" sequenceCoverage="0" branchCoverage="0" isConstructor="false" isStatic="false" isGetter="false" isSetter="false">
              <Summary numSequencePoints="11" visitedSequencePoints="0" numBranchPoints="1" visitedBranchPoints="0" sequenceCoverage="0" branchCoverage="0" maxCyclomaticComplexity="1" minCyclomaticComplexity="1" visitedClasses="0" numClasses="0" visitedMethods="0" numMethods="1" />
              <MetadataToken>100663302</MetadataToken>
              <Name>System.Void ProjectManagerPortal.Tests.ProjectControllerTest::GetAllProjects()</Name>
              <FileRef uid="2" />
              <SequencePoints>
                <SequencePoint vc="0" uspid="45" ordinal="0" offset="0" sl="21" sc="9" el="21" ec="10" bec="0" bev="0" fileid="2" />
                <SequencePoint vc="0" uspid="46" ordinal="1" offset="1" sl="22" sc="13" el="48" ec="15" bec="0" bev="0" fileid="2" />
                <SequencePoint vc="0" uspid="47" ordinal="2" offset="300" sl="50" sc="13" el="50" ec="54" bec="0" bev="0" fileid="2" />
                <SequencePoint vc="0" uspid="48" ordinal="3" offset="306" sl="51" sc="13" el="51" ec="55" bec="0" bev="0" fileid="2" />
                <SequencePoint vc="0" uspid="49" ordinal="4" offset="312" sl="52" sc="13" el="52" ec="83" bec="0" bev="0" fileid="2" />
                <SequencePoint vc="0" uspid="50" ordinal="5" offset="391" sl="54" sc="13" el="58" ec="15" bec="0" bev="0" fileid="2" />
                <SequencePoint vc="0" uspid="51" ordinal="6" offset="433" sl="60" sc="13" el="60" ec="67" bec="0" bev="0" fileid="2" />
                <SequencePoint vc="0" uspid="52" ordinal="7" offset="441" sl="62" sc="13" el="62" ec="57" bec="0" bev="0" fileid="2" />
                <SequencePoint vc="0" uspid="53" ordinal="8" offset="451" sl="63" sc="13" el="63" ec="61" bec="0" bev="0" fileid="2" />
                <SequencePoint vc="0" uspid="54" ordinal="9" offset="470" sl="64" sc="13" el="64" ec="81" bec="0" bev="0" fileid="2" />
                <SequencePoint vc="0" uspid="55" ordinal="10" offset="501" sl="65" sc="9" el="65" ec="10" bec="0" bev="0" fileid="2" />
              </SequencePoints>
              <BranchPoints />
              <MethodPoint xsi:type="SequencePoint" vc="0" uspid="45" ordinal="0" offset="0" sl="21" sc="9" el="21" ec="10" bec="0" bev="0" fileid="2" />
            </Method>
            <Method visited="false" cyclomaticComplexity="1" nPathComplexity="0" sequenceCoverage="0" branchCoverage="0" isConstructor="false" isStatic="false" isGetter="false" isSetter="false">
              <Summary numSequencePoints="12" visitedSequencePoints="0" numBranchPoints="1" visitedBranchPoints="0" sequenceCoverage="0" branchCoverage="0" maxCyclomaticComplexity="1" minCyclomaticComplexity="1" visitedClasses="0" numClasses="0" visitedMethods="0" numMethods="1" />
              <MetadataToken>100663303</MetadataToken>
              <Name>System.Void ProjectManagerPortal.Tests.ProjectControllerTest::GetProject()</Name>
              <FileRef uid="2" />
              <SequencePoints>
                <SequencePoint vc="0" uspid="56" ordinal="0" offset="0" sl="69" sc="9" el="69" ec="10" bec="0" bev="0" fileid="2" />
                <SequencePoint vc="0" uspid="57" ordinal="1" offset="1" sl="70" sc="13" el="82" ec="15" bec="0" bev="0" fileid="2" />
                <SequencePoint vc="0" uspid="58" ordinal="2" offset="141" sl="84" sc="13" el="84" ec="54" bec="0" bev="0" fileid="2" />
                <SequencePoint vc="0" uspid="59" ordinal="3" offset="147" sl="85" sc="13" el="85" ec="55" bec="0" bev="0" fileid="2" />
                <SequencePoint vc="0" uspid="60" ordinal="4" offset="153" sl="86" sc="13" el="86" ec="77" bec="0" bev="0" fileid="2" />
                <SequencePoint vc="0" uspid="61" ordinal="5" offset="256" sl="88" sc="13" el="92" ec="15" bec="0" bev="0" fileid="2" />
                <SequencePoint vc="0" uspid="62" ordinal="6" offset="298" sl="94" sc="13" el="94" ec="67" bec="0" bev="0" fileid="2" />
                <SequencePoint vc="0" uspid="63" ordinal="7" offset="307" sl="96" sc="13" el="96" ec="56" bec="0" bev="0" fileid="2" />
                <SequencePoint vc="0" uspid="64" ordinal="8" offset="317" sl="97" sc="13" el="97" ec="36" bec="0" bev="0" fileid="2" />
                <SequencePoint vc="0" uspid="65" ordinal="9" offset="325" sl="98" sc="13" el="98" ec="72" bec="0" bev="0" fileid="2" />
                <SequencePoint vc="0" uspid="66" ordinal="10" offset="344" sl="99" sc="13" el="99" ec="45" bec="0" bev="0" fileid="2" />
                <SequencePoint vc="0" uspid="67" ordinal="11" offset="353" sl="100" sc="9" el="100" ec="10" bec="0" bev="0" fileid="2" />
              </SequencePoints>
              <BranchPoints />
              <MethodPoint xsi:type="SequencePoint" vc="0" uspid="56" ordinal="0" offset="0" sl="69" sc="9" el="69" ec="10" bec="0" bev="0" fileid="2" />
            </Method>
            <Method visited="false" cyclomaticComplexity="1" nPathComplexity="0" sequenceCoverage="0" branchCoverage="0" isConstructor="false" isStatic="false" isGetter="false" isSetter="false">
              <Summary numSequencePoints="10" visitedSequencePoints="0" numBranchPoints="1" visitedBranchPoints="0" sequenceCoverage="0" branchCoverage="0" maxCyclomaticComplexity="1" minCyclomaticComplexity="1" visitedClasses="0" numClasses="0" visitedMethods="0" numMethods="1" />
              <MetadataToken>100663304</MetadataToken>
              <Name>System.Void ProjectManagerPortal.Tests.ProjectControllerTest::AddTask()</Name>
              <FileRef uid="2" />
              <SequencePoints>
                <SequencePoint vc="0" uspid="68" ordinal="0" offset="6" sl="104" sc="9" el="104" ec="10" bec="0" bev="0" fileid="2" />
                <SequencePoint vc="0" uspid="69" ordinal="1" offset="7" sl="105" sc="13" el="115" ec="21" bec="0" bev="0" fileid="2" />
                <SequencePoint vc="0" uspid="70" ordinal="2" offset="136" sl="117" sc="13" el="117" ec="54" bec="0" bev="0" fileid="2" />
                <SequencePoint vc="0" uspid="71" ordinal="3" offset="142" sl="118" sc="13" el="118" ec="55" bec="0" bev="0" fileid="2" />
                <SequencePoint vc="0" uspid="72" ordinal="4" offset="148" sl="119" sc="13" el="119" ec="64" bec="0" bev="0" fileid="2" />
                <SequencePoint vc="0" uspid="73" ordinal="5" offset="255" sl="120" sc="13" el="120" ec="86" bec="0" bev="0" fileid="2" />
                <SequencePoint vc="0" uspid="74" ordinal="6" offset="421" sl="122" sc="13" el="126" ec="15" bec="0" bev="0" fileid="2" />
                <SequencePoint vc="0" uspid="75" ordinal="7" offset="463" sl="128" sc="13" el="128" ec="77" bec="0" bev="0" fileid="2" />
                <SequencePoint vc="0" uspid="76" ordinal="8" offset="477" sl="130" sc="13" el="130" ec="75" bec="0" bev="0" fileid="2" />
                <SequencePoint vc="0" uspid="77" ordinal="9" offset="510" sl="131" sc="9" el="131" ec="10" bec="0" bev="0" fileid="2" />
              </SequencePoints>
              <BranchPoints />
              <MethodPoint vc="0" uspid="78" ordinal="0" offset="0" />
            </Method>
            <Method visited="false" cyclomaticComplexity="1" nPathComplexity="0" sequenceCoverage="0" branchCoverage="0" isConstructor="false" isStatic="false" isGetter="false" isSetter="false">
              <Summary numSequencePoints="10" visitedSequencePoints="0" numBranchPoints="1" visitedBranchPoints="0" sequenceCoverage="0" branchCoverage="0" maxCyclomaticComplexity="1" minCyclomaticComplexity="1" visitedClasses="0" numClasses="0" visitedMethods="0" numMethods="1" />
              <MetadataToken>100663305</MetadataToken>
              <Name>System.Void ProjectManagerPortal.Tests.ProjectControllerTest::UpdateTask()</Name>
              <FileRef uid="2" />
              <SequencePoints>
                <SequencePoint vc="0" uspid="79" ordinal="0" offset="6" sl="136" sc="9" el="136" ec="10" bec="0" bev="0" fileid="2" />
                <SequencePoint vc="0" uspid="80" ordinal="1" offset="7" sl="137" sc="13" el="147" ec="22" bec="0" bev="0" fileid="2" />
                <SequencePoint vc="0" uspid="81" ordinal="2" offset="136" sl="149" sc="13" el="149" ec="54" bec="0" bev="0" fileid="2" />
                <SequencePoint vc="0" uspid="82" ordinal="3" offset="142" sl="150" sc="13" el="150" ec="55" bec="0" bev="0" fileid="2" />
                <SequencePoint vc="0" uspid="83" ordinal="4" offset="148" sl="151" sc="13" el="151" ec="67" bec="0" bev="0" fileid="2" />
                <SequencePoint vc="0" uspid="84" ordinal="5" offset="255" sl="152" sc="13" el="152" ec="86" bec="0" bev="0" fileid="2" />
                <SequencePoint vc="0" uspid="85" ordinal="6" offset="421" sl="154" sc="13" el="158" ec="15" bec="0" bev="0" fileid="2" />
                <SequencePoint vc="0" uspid="86" ordinal="7" offset="463" sl="160" sc="13" el="160" ec="98" bec="0" bev="0" fileid="2" />
                <SequencePoint vc="0" uspid="87" ordinal="8" offset="488" sl="162" sc="13" el="162" ec="78" bec="0" bev="0" fileid="2" />
                <SequencePoint vc="0" uspid="88" ordinal="9" offset="521" sl="163" sc="9" el="163" ec="10" bec="0" bev="0" fileid="2" />
              </SequencePoints>
              <BranchPoints />
              <MethodPoint vc="0" uspid="89" ordinal="0" offset="0" />
            </Method>
            <Method visited="false" cyclomaticComplexity="1" nPathComplexity="0" sequenceCoverage="0" branchCoverage="0" isConstructor="true" isStatic="false" isGetter="false" isSetter="false">
              <Summary numSequencePoints="0" visitedSequencePoints="0" numBranchPoints="0" visitedBranchPoints="0" sequenceCoverage="0" branchCoverage="0" maxCyclomaticComplexity="1" minCyclomaticComplexity="1" visitedClasses="0" numClasses="0" visitedMethods="0" numMethods="0" />
              <MetadataToken>100663306</MetadataToken>
              <Name>System.Void ProjectManagerPortal.Tests.ProjectControllerTest::.ctor()</Name>
              <SequencePoints />
              <BranchPoints />
              <MethodPoint vc="0" uspid="90" ordinal="0" offset="0" />
            </Method>
          </Methods>
        </Class>
        <Class>
          <Summary numSequencePoints="0" visitedSequencePoints="0" numBranchPoints="0" visitedBranchPoints="0" sequenceCoverage="0" branchCoverage="0" maxCyclomaticComplexity="1" minCyclomaticComplexity="1" visitedClasses="0" numClasses="0" visitedMethods="0" numMethods="0" />
          <FullName>ProjectManagerPortal.Tests.ProjectControllerTest/&lt;&gt;c</FullName>
          <Methods>
            <Method visited="false" cyclomaticComplexity="1" nPathComplexity="0" sequenceCoverage="0" branchCoverage="0" isConstructor="true" isStatic="true" isGetter="false" isSetter="false">
              <Summary numSequencePoints="0" visitedSequencePoints="0" numBranchPoints="0" visitedBranchPoints="0" sequenceCoverage="0" branchCoverage="0" maxCyclomaticComplexity="1" minCyclomaticComplexity="1" visitedClasses="0" numClasses="0" visitedMethods="0" numMethods="0" />
              <MetadataToken>100663323</MetadataToken>
              <Name>System.Void ProjectManagerPortal.Tests.ProjectControllerTest/&lt;&gt;c::.cctor()</Name>
              <SequencePoints />
              <BranchPoints />
              <MethodPoint vc="0" uspid="91" ordinal="0" offset="0" />
            </Method>
            <Method visited="false" cyclomaticComplexity="1" nPathComplexity="0" sequenceCoverage="0" branchCoverage="0" isConstructor="true" isStatic="false" isGetter="false" isSetter="false">
              <Summary numSequencePoints="0" visitedSequencePoints="0" numBranchPoints="0" visitedBranchPoints="0" sequenceCoverage="0" branchCoverage="0" maxCyclomaticComplexity="1" minCyclomaticComplexity="1" visitedClasses="0" numClasses="0" visitedMethods="0" numMethods="0" />
              <MetadataToken>100663324</MetadataToken>
              <Name>System.Void ProjectManagerPortal.Tests.ProjectControllerTest/&lt;&gt;c::.ctor()</Name>
              <SequencePoints />
              <BranchPoints />
              <MethodPoint vc="0" uspid="92" ordinal="0" offset="0" />
            </Method>
          </Methods>
        </Class>
        <Class>
          <Summary numSequencePoints="0" visitedSequencePoints="0" numBranchPoints="0" visitedBranchPoints="0" sequenceCoverage="0" branchCoverage="0" maxCyclomaticComplexity="1" minCyclomaticComplexity="1" visitedClasses="0" numClasses="0" visitedMethods="0" numMethods="0" />
          <FullName>ProjectManagerPortal.Tests.ProjectControllerTest/&lt;&gt;c__DisplayClass2_0</FullName>
          <Methods>
            <Method visited="false" cyclomaticComplexity="1" nPathComplexity="0" sequenceCoverage="0" branchCoverage="0" isConstructor="true" isStatic="false" isGetter="false" isSetter="false">
              <Summary numSequencePoints="0" visitedSequencePoints="0" numBranchPoints="0" visitedBranchPoints="0" sequenceCoverage="0" branchCoverage="0" maxCyclomaticComplexity="1" minCyclomaticComplexity="1" visitedClasses="0" numClasses="0" visitedMethods="0" numMethods="0" />
              <MetadataToken>100663325</MetadataToken>
              <Name>System.Void ProjectManagerPortal.Tests.ProjectControllerTest/&lt;&gt;c__DisplayClass2_0::.ctor()</Name>
              <SequencePoints />
              <BranchPoints />
              <MethodPoint vc="0" uspid="93" ordinal="0" offset="0" />
            </Method>
          </Methods>
        </Class>
        <Class>
          <Summary numSequencePoints="0" visitedSequencePoints="0" numBranchPoints="0" visitedBranchPoints="0" sequenceCoverage="0" branchCoverage="0" maxCyclomaticComplexity="1" minCyclomaticComplexity="1" visitedClasses="0" numClasses="0" visitedMethods="0" numMethods="0" />
          <FullName>ProjectManagerPortal.Tests.ProjectControllerTest/&lt;&gt;c__DisplayClass3_0</FullName>
          <Methods>
            <Method visited="false" cyclomaticComplexity="1" nPathComplexity="0" sequenceCoverage="0" branchCoverage="0" isConstructor="true" isStatic="false" isGetter="false" isSetter="false">
              <Summary numSequencePoints="0" visitedSequencePoints="0" numBranchPoints="0" visitedBranchPoints="0" sequenceCoverage="0" branchCoverage="0" maxCyclomaticComplexity="1" minCyclomaticComplexity="1" visitedClasses="0" numClasses="0" visitedMethods="0" numMethods="0" />
              <MetadataToken>100663326</MetadataToken>
              <Name>System.Void ProjectManagerPortal.Tests.ProjectControllerTest/&lt;&gt;c__DisplayClass3_0::.ctor()</Name>
              <SequencePoints />
              <BranchPoints />
              <MethodPoint vc="0" uspid="94" ordinal="0" offset="0" />
            </Method>
          </Methods>
        </Class>
        <Class>
          <Summary numSequencePoints="51" visitedSequencePoints="0" numBranchPoints="5" visitedBranchPoints="0" sequenceCoverage="0" branchCoverage="0" maxCyclomaticComplexity="1" minCyclomaticComplexity="1" visitedClasses="0" numClasses="1" visitedMethods="0" numMethods="5" />
          <FullName>ProjectManagerPortal.Tests.TaskControllerTest</FullName>
          <Methods>
            <Method visited="false" cyclomaticComplexity="1" nPathComplexity="0" sequenceCoverage="0" branchCoverage="0" isConstructor="false" isStatic="false" isGetter="false" isSetter="false">
              <Summary numSequencePoints="11" visitedSequencePoints="0" numBranchPoints="1" visitedBranchPoints="0" sequenceCoverage="0" branchCoverage="0" maxCyclomaticComplexity="1" minCyclomaticComplexity="1" visitedClasses="0" numClasses="0" visitedMethods="0" numMethods="1" />
              <MetadataToken>100663307</MetadataToken>
              <Name>System.Void ProjectManagerPortal.Tests.TaskControllerTest::GetAllTasks()</Name>
              <FileRef uid="3" />
              <SequencePoints>
                <SequencePoint vc="0" uspid="95" ordinal="0" offset="0" sl="18" sc="9" el="18" ec="10" bec="0" bev="0" fileid="3" />
                <SequencePoint vc="0" uspid="96" ordinal="1" offset="1" sl="19" sc="13" el="43" ec="15" bec="0" bev="0" fileid="3" />
                <SequencePoint vc="0" uspid="97" ordinal="2" offset="240" sl="45" sc="13" el="45" ec="51" bec="0" bev="0" fileid="3" />
                <SequencePoint vc="0" uspid="98" ordinal="3" offset="246" sl="46" sc="13" el="46" ec="55" bec="0" bev="0" fileid="3" />
                <SequencePoint vc="0" uspid="99" ordinal="4" offset="252" sl="47" sc="13" el="47" ec="77" bec="0" bev="0" fileid="3" />
                <SequencePoint vc="0" uspid="100" ordinal="5" offset="331" sl="49" sc="13" el="53" ec="15" bec="0" bev="0" fileid="3" />
                <SequencePoint vc="0" uspid="101" ordinal="6" offset="373" sl="55" sc="13" el="55" ec="64" bec="0" bev="0" fileid="3" />
                <SequencePoint vc="0" uspid="102" ordinal="7" offset="381" sl="57" sc="13" el="57" ec="54" bec="0" bev="0" fileid="3" />
                <SequencePoint vc="0" uspid="103" ordinal="8" offset="391" sl="58" sc="13" el="58" ec="58" bec="0" bev="0" fileid="3" />
                <SequencePoint vc="0" uspid="104" ordinal="9" offset="410" sl="59" sc="13" el="59" ec="78" bec="0" bev="0" fileid="3" />
                <SequencePoint vc="0" uspid="105" ordinal="10" offset="441" sl="60" sc="9" el="60" ec="10" bec="0" bev="0" fileid="3" />
              </SequencePoints>
              <BranchPoints />
              <MethodPoint xsi:type="SequencePoint" vc="0" uspid="95" ordinal="0" offset="0" sl="18" sc="9" el="18" ec="10" bec="0" bev="0" fileid="3" />
            </Method>
            <Method visited="false" cyclomaticComplexity="1" nPathComplexity="0" sequenceCoverage="0" branchCoverage="0" isConstructor="false" isStatic="false" isGetter="false" isSetter="false">
              <Summary numSequencePoints="12" visitedSequencePoints="0" numBranchPoints="1" visitedBranchPoints="0" sequenceCoverage="0" branchCoverage="0" maxCyclomaticComplexity="1" minCyclomaticComplexity="1" visitedClasses="0" numClasses="0" visitedMethods="0" numMethods="1" />
              <MetadataToken>100663308</MetadataToken>
              <Name>System.Void ProjectManagerPortal.Tests.TaskControllerTest::GetTask()</Name>
              <FileRef uid="3" />
              <SequencePoints>
                <SequencePoint vc="0" uspid="106" ordinal="0" offset="0" sl="64" sc="9" el="64" ec="10" bec="0" bev="0" fileid="3" />
                <SequencePoint vc="0" uspid="107" ordinal="1" offset="1" sl="65" sc="13" el="87" ec="15" bec="0" bev="0" fileid="3" />
                <SequencePoint vc="0" uspid="108" ordinal="2" offset="277" sl="89" sc="13" el="89" ec="51" bec="0" bev="0" fileid="3" />
                <SequencePoint vc="0" uspid="109" ordinal="3" offset="283" sl="90" sc="13" el="90" ec="55" bec="0" bev="0" fileid="3" />
                <SequencePoint vc="0" uspid="110" ordinal="4" offset="289" sl="91" sc="13" el="91" ec="77" bec="0" bev="0" fileid="3" />
                <SequencePoint vc="0" uspid="111" ordinal="5" offset="398" sl="93" sc="13" el="97" ec="15" bec="0" bev="0" fileid="3" />
                <SequencePoint vc="0" uspid="112" ordinal="6" offset="440" sl="99" sc="13" el="99" ec="65" bec="0" bev="0" fileid="3" />
                <SequencePoint vc="0" uspid="113" ordinal="7" offset="449" sl="101" sc="13" el="101" ec="54" bec="0" bev="0" fileid="3" />
                <SequencePoint vc="0" uspid="114" ordinal="8" offset="459" sl="102" sc="13" el="102" ec="36" bec="0" bev="0" fileid="3" />
                <SequencePoint vc="0" uspid="115" ordinal="9" offset="467" sl="103" sc="13" el="103" ec="75" bec="0" bev="0" fileid="3" />
                <SequencePoint vc="0" uspid="116" ordinal="10" offset="492" sl="104" sc="13" el="104" ec="48" bec="0" bev="0" fileid="3" />
                <SequencePoint vc="0" uspid="117" ordinal="11" offset="507" sl="105" sc="9" el="105" ec="10" bec="0" bev="0" fileid="3" />
              </SequencePoints>
              <BranchPoints />
              <MethodPoint xsi:type="SequencePoint" vc="0" uspid="106" ordinal="0" offset="0" sl="64" sc="9" el="64" ec="10" bec="0" bev="0" fileid="3" />
            </Method>
            <Method visited="false" cyclomaticComplexity="1" nPathComplexity="0" sequenceCoverage="0" branchCoverage="0" isConstructor="false" isStatic="false" isGetter="false" isSetter="false">
              <Summary numSequencePoints="10" visitedSequencePoints="0" numBranchPoints="1" visitedBranchPoints="0" sequenceCoverage="0" branchCoverage="0" maxCyclomaticComplexity="1" minCyclomaticComplexity="1" visitedClasses="0" numClasses="0" visitedMethods="0" numMethods="1" />
              <MetadataToken>100663309</MetadataToken>
              <Name>System.Void ProjectManagerPortal.Tests.TaskControllerTest::AddTask()</Name>
              <FileRef uid="3" />
              <SequencePoints>
                <SequencePoint vc="0" uspid="118" ordinal="0" offset="6" sl="109" sc="9" el="109" ec="10" bec="0" bev="0" fileid="3" />
                <SequencePoint vc="0" uspid="119" ordinal="1" offset="7" sl="110" sc="13" el="122" ec="21" bec="0" bev="0" fileid="3" />
                <SequencePoint vc="0" uspid="120" ordinal="2" offset="153" sl="124" sc="13" el="124" ec="51" bec="0" bev="0" fileid="3" />
                <SequencePoint vc="0" uspid="121" ordinal="3" offset="159" sl="125" sc="13" el="125" ec="55" bec="0" bev="0" fileid="3" />
                <SequencePoint vc="0" uspid="122" ordinal="4" offset="165" sl="126" sc="13" el="126" ec="58" bec="0" bev="0" fileid="3" />
                <SequencePoint vc="0" uspid="123" ordinal="5" offset="272" sl="127" sc="13" el="127" ec="77" bec="0" bev="0" fileid="3" />
                <SequencePoint vc="0" uspid="124" ordinal="6" offset="423" sl="129" sc="13" el="133" ec="15" bec="0" bev="0" fileid="3" />
                <SequencePoint vc="0" uspid="125" ordinal="7" offset="465" sl="135" sc="13" el="135" ec="69" bec="0" bev="0" fileid="3" />
                <SequencePoint vc="0" uspid="126" ordinal="8" offset="479" sl="137" sc="13" el="137" ec="70" bec="0" bev="0" fileid="3" />
                <SequencePoint vc="0" uspid="127" ordinal="9" offset="512" sl="138" sc="9" el="138" ec="10" bec="0" bev="0" fileid="3" />
              </SequencePoints>
              <BranchPoints />
              <MethodPoint vc="0" uspid="128" ordinal="0" offset="0" />
            </Method>
            <Method visited="false" cyclomaticComplexity="1" nPathComplexity="0" sequenceCoverage="0" branchCoverage="0" isConstructor="false" isStatic="false" isGetter="false" isSetter="false">
              <Summary numSequencePoints="9" visitedSequencePoints="0" numBranchPoints="1" visitedBranchPoints="0" sequenceCoverage="0" branchCoverage="0" maxCyclomaticComplexity="1" minCyclomaticComplexity="1" visitedClasses="0" numClasses="0" visitedMethods="0" numMethods="1" />
              <MetadataToken>100663310</MetadataToken>
              <Name>System.Void ProjectManagerPortal.Tests.TaskControllerTest::UpdateTask()</Name>
              <FileRef uid="3" />
              <SequencePoints>
                <SequencePoint vc="0" uspid="129" ordinal="0" offset="6" sl="143" sc="9" el="143" ec="10" bec="0" bev="0" fileid="3" />
                <SequencePoint vc="0" uspid="130" ordinal="1" offset="7" sl="144" sc="13" el="156" ec="21" bec="0" bev="0" fileid="3" />
                <SequencePoint vc="0" uspid="131" ordinal="2" offset="153" sl="158" sc="13" el="158" ec="51" bec="0" bev="0" fileid="3" />
                <SequencePoint vc="0" uspid="132" ordinal="3" offset="159" sl="159" sc="13" el="159" ec="55" bec="0" bev="0" fileid="3" />
                <SequencePoint vc="0" uspid="133" ordinal="4" offset="165" sl="160" sc="13" el="160" ec="61" bec="0" bev="0" fileid="3" />
                <SequencePoint vc="0" uspid="134" ordinal="5" offset="272" sl="162" sc="13" el="166" ec="15" bec="0" bev="0" fileid="3" />
                <SequencePoint vc="0" uspid="135" ordinal="6" offset="314" sl="168" sc="13" el="168" ec="81" bec="0" bev="0" fileid="3" />
                <SequencePoint vc="0" uspid="136" ordinal="7" offset="339" sl="170" sc="13" el="170" ec="70" bec="0" bev="0" fileid="3" />
                <SequencePoint vc="0" uspid="137" ordinal="8" offset="372" sl="171" sc="9" el="171" ec="10" bec="0" bev="0" fileid="3" />
              </SequencePoints>
              <BranchPoints />
              <MethodPoint vc="0" uspid="138" ordinal="0" offset="0" />
            </Method>
            <Method visited="false" cyclomaticComplexity="1" nPathComplexity="0" sequenceCoverage="0" branchCoverage="0" isConstructor="false" isStatic="false" isGetter="false" isSetter="false">
              <Summary numSequencePoints="9" visitedSequencePoints="0" numBranchPoints="1" visitedBranchPoints="0" sequenceCoverage="0" branchCoverage="0" maxCyclomaticComplexity="1" minCyclomaticComplexity="1" visitedClasses="0" numClasses="0" visitedMethods="0" numMethods="1" />
              <MetadataToken>100663311</MetadataToken>
              <Name>System.Void ProjectManagerPortal.Tests.TaskControllerTest::DeassignProject()</Name>
              <FileRef uid="3" />
              <SequencePoints>
                <SequencePoint vc="0" uspid="139" ordinal="0" offset="6" sl="175" sc="9" el="175" ec="10" bec="0" bev="0" fileid="3" />
                <SequencePoint vc="0" uspid="140" ordinal="1" offset="7" sl="176" sc="13" el="188" ec="21" bec="0" bev="0" fileid="3" />
                <SequencePoint vc="0" uspid="141" ordinal="2" offset="153" sl="190" sc="13" el="190" ec="51" bec="0" bev="0" fileid="3" />
                <SequencePoint vc="0" uspid="142" ordinal="3" offset="159" sl="191" sc="13" el="191" ec="55" bec="0" bev="0" fileid="3" />
                <SequencePoint vc="0" uspid="143" ordinal="4" offset="165" sl="192" sc="13" el="192" ec="61" bec="0" bev="0" fileid="3" />
                <SequencePoint vc="0" uspid="144" ordinal="5" offset="272" sl="194" sc="13" el="198" ec="15" bec="0" bev="0" fileid="3" />
                <SequencePoint vc="0" uspid="145" ordinal="6" offset="314" sl="200" sc="13" el="200" ec="81" bec="0" bev="0" fileid="3" />
                <SequencePoint vc="0" uspid="146" ordinal="7" offset="339" sl="202" sc="13" el="202" ec="70" bec="0" bev="0" fileid="3" />
                <SequencePoint vc="0" uspid="147" ordinal="8" offset="372" sl="203" sc="9" el="203" ec="10" bec="0" bev="0" fileid="3" />
              </SequencePoints>
              <BranchPoints />
              <MethodPoint vc="0" uspid="148" ordinal="0" offset="0" />
            </Method>
            <Method visited="false" cyclomaticComplexity="1" nPathComplexity="0" sequenceCoverage="0" branchCoverage="0" isConstructor="true" isStatic="false" isGetter="false" isSetter="false">
              <Summary numSequencePoints="0" visitedSequencePoints="0" numBranchPoints="0" visitedBranchPoints="0" sequenceCoverage="0" branchCoverage="0" maxCyclomaticComplexity="1" minCyclomaticComplexity="1" visitedClasses="0" numClasses="0" visitedMethods="0" numMethods="0" />
              <MetadataToken>100663312</MetadataToken>
              <Name>System.Void ProjectManagerPortal.Tests.TaskControllerTest::.ctor()</Name>
              <SequencePoints />
              <BranchPoints />
              <MethodPoint vc="0" uspid="149" ordinal="0" offset="0" />
            </Method>
          </Methods>
        </Class>
        <Class>
          <Summary numSequencePoints="0" visitedSequencePoints="0" numBranchPoints="0" visitedBranchPoints="0" sequenceCoverage="0" branchCoverage="0" maxCyclomaticComplexity="1" minCyclomaticComplexity="1" visitedClasses="0" numClasses="0" visitedMethods="0" numMethods="0" />
          <FullName>ProjectManagerPortal.Tests.TaskControllerTest/&lt;&gt;c</FullName>
          <Methods>
            <Method visited="false" cyclomaticComplexity="1" nPathComplexity="0" sequenceCoverage="0" branchCoverage="0" isConstructor="true" isStatic="true" isGetter="false" isSetter="false">
              <Summary numSequencePoints="0" visitedSequencePoints="0" numBranchPoints="0" visitedBranchPoints="0" sequenceCoverage="0" branchCoverage="0" maxCyclomaticComplexity="1" minCyclomaticComplexity="1" visitedClasses="0" numClasses="0" visitedMethods="0" numMethods="0" />
              <MetadataToken>100663327</MetadataToken>
              <Name>System.Void ProjectManagerPortal.Tests.TaskControllerTest/&lt;&gt;c::.cctor()</Name>
              <SequencePoints />
              <BranchPoints />
              <MethodPoint vc="0" uspid="150" ordinal="0" offset="0" />
            </Method>
            <Method visited="false" cyclomaticComplexity="1" nPathComplexity="0" sequenceCoverage="0" branchCoverage="0" isConstructor="true" isStatic="false" isGetter="false" isSetter="false">
              <Summary numSequencePoints="0" visitedSequencePoints="0" numBranchPoints="0" visitedBranchPoints="0" sequenceCoverage="0" branchCoverage="0" maxCyclomaticComplexity="1" minCyclomaticComplexity="1" visitedClasses="0" numClasses="0" visitedMethods="0" numMethods="0" />
              <MetadataToken>100663328</MetadataToken>
              <Name>System.Void ProjectManagerPortal.Tests.TaskControllerTest/&lt;&gt;c::.ctor()</Name>
              <SequencePoints />
              <BranchPoints />
              <MethodPoint vc="0" uspid="151" ordinal="0" offset="0" />
            </Method>
          </Methods>
        </Class>
        <Class>
          <Summary numSequencePoints="0" visitedSequencePoints="0" numBranchPoints="0" visitedBranchPoints="0" sequenceCoverage="0" branchCoverage="0" maxCyclomaticComplexity="1" minCyclomaticComplexity="1" visitedClasses="0" numClasses="0" visitedMethods="0" numMethods="0" />
          <FullName>ProjectManagerPortal.Tests.TaskControllerTest/&lt;&gt;c__DisplayClass2_0</FullName>
          <Methods>
            <Method visited="false" cyclomaticComplexity="1" nPathComplexity="0" sequenceCoverage="0" branchCoverage="0" isConstructor="true" isStatic="false" isGetter="false" isSetter="false">
              <Summary numSequencePoints="0" visitedSequencePoints="0" numBranchPoints="0" visitedBranchPoints="0" sequenceCoverage="0" branchCoverage="0" maxCyclomaticComplexity="1" minCyclomaticComplexity="1" visitedClasses="0" numClasses="0" visitedMethods="0" numMethods="0" />
              <MetadataToken>100663329</MetadataToken>
              <Name>System.Void ProjectManagerPortal.Tests.TaskControllerTest/&lt;&gt;c__DisplayClass2_0::.ctor()</Name>
              <SequencePoints />
              <BranchPoints />
              <MethodPoint vc="0" uspid="152" ordinal="0" offset="0" />
            </Method>
          </Methods>
        </Class>
        <Class>
          <Summary numSequencePoints="0" visitedSequencePoints="0" numBranchPoints="0" visitedBranchPoints="0" sequenceCoverage="0" branchCoverage="0" maxCyclomaticComplexity="1" minCyclomaticComplexity="1" visitedClasses="0" numClasses="0" visitedMethods="0" numMethods="0" />
          <FullName>ProjectManagerPortal.Tests.TaskControllerTest/&lt;&gt;c__DisplayClass3_0</FullName>
          <Methods>
            <Method visited="false" cyclomaticComplexity="1" nPathComplexity="0" sequenceCoverage="0" branchCoverage="0" isConstructor="true" isStatic="false" isGetter="false" isSetter="false">
              <Summary numSequencePoints="0" visitedSequencePoints="0" numBranchPoints="0" visitedBranchPoints="0" sequenceCoverage="0" branchCoverage="0" maxCyclomaticComplexity="1" minCyclomaticComplexity="1" visitedClasses="0" numClasses="0" visitedMethods="0" numMethods="0" />
              <MetadataToken>100663330</MetadataToken>
              <Name>System.Void ProjectManagerPortal.Tests.TaskControllerTest/&lt;&gt;c__DisplayClass3_0::.ctor()</Name>
              <SequencePoints />
              <BranchPoints />
              <MethodPoint vc="0" uspid="153" ordinal="0" offset="0" />
            </Method>
          </Methods>
        </Class>
        <Class>
          <Summary numSequencePoints="0" visitedSequencePoints="0" numBranchPoints="0" visitedBranchPoints="0" sequenceCoverage="0" branchCoverage="0" maxCyclomaticComplexity="1" minCyclomaticComplexity="1" visitedClasses="0" numClasses="0" visitedMethods="0" numMethods="0" />
          <FullName>ProjectManagerPortal.Tests.TaskControllerTest/&lt;&gt;c__DisplayClass4_0</FullName>
          <Methods>
            <Method visited="false" cyclomaticComplexity="1" nPathComplexity="0" sequenceCoverage="0" branchCoverage="0" isConstructor="true" isStatic="false" isGetter="false" isSetter="false">
              <Summary numSequencePoints="0" visitedSequencePoints="0" numBranchPoints="0" visitedBranchPoints="0" sequenceCoverage="0" branchCoverage="0" maxCyclomaticComplexity="1" minCyclomaticComplexity="1" visitedClasses="0" numClasses="0" visitedMethods="0" numMethods="0" />
              <MetadataToken>100663331</MetadataToken>
              <Name>System.Void ProjectManagerPortal.Tests.TaskControllerTest/&lt;&gt;c__DisplayClass4_0::.ctor()</Name>
              <SequencePoints />
              <BranchPoints />
              <MethodPoint vc="0" uspid="154" ordinal="0" offset="0" />
            </Method>
          </Methods>
        </Class>
        <Class>
          <Summary numSequencePoints="44" visitedSequencePoints="0" numBranchPoints="5" visitedBranchPoints="0" sequenceCoverage="0" branchCoverage="0" maxCyclomaticComplexity="1" minCyclomaticComplexity="1" visitedClasses="0" numClasses="1" visitedMethods="0" numMethods="5" />
          <FullName>ProjectManagerPortal.Tests.UserControllerTest</FullName>
          <Methods>
            <Method visited="false" cyclomaticComplexity="1" nPathComplexity="0" sequenceCoverage="0" branchCoverage="0" isConstructor="false" isStatic="false" isGetter="false" isSetter="false">
              <Summary numSequencePoints="11" visitedSequencePoints="0" numBranchPoints="1" visitedBranchPoints="0" sequenceCoverage="0" branchCoverage="0" maxCyclomaticComplexity="1" minCyclomaticComplexity="1" visitedClasses="0" numClasses="0" visitedMethods="0" numMethods="1" />
              <MetadataToken>100663313</MetadataToken>
              <Name>System.Void ProjectManagerPortal.Tests.UserControllerTest::GetAllUsers()</Name>
              <FileRef uid="4" />
              <SequencePoints>
                <SequencePoint vc="0" uspid="155" ordinal="0" offset="0" sl="21" sc="9" el="21" ec="10" bec="0" bev="0" fileid="4" />
                <SequencePoint vc="0" uspid="156" ordinal="1" offset="1" sl="22" sc="13" el="38" ec="15" bec="0" bev="0" fileid="4" />
                <SequencePoint vc="0" uspid="157" ordinal="2" offset="119" sl="40" sc="13" el="40" ec="51" bec="0" bev="0" fileid="4" />
                <SequencePoint vc="0" uspid="158" ordinal="3" offset="125" sl="41" sc="13" el="41" ec="77" bec="0" bev="0" fileid="4" />
                <SequencePoint vc="0" uspid="159" ordinal="4" offset="204" sl="43" sc="13" el="47" ec="15" bec="0" bev="0" fileid="4" />
                <SequencePoint vc="0" uspid="160" ordinal="5" offset="240" sl="49" sc="13" el="49" ec="64" bec="0" bev="0" fileid="4" />
                <SequencePoint vc="0" uspid="161" ordinal="6" offset="247" sl="51" sc="13" el="51" ec="54" bec="0" bev="0" fileid="4" />
                <SequencePoint vc="0" uspid="162" ordinal="7" offset="256" sl="52" sc="13" el="52" ec="58" bec="0" bev="0" fileid="4" />
                <SequencePoint vc="0" uspid="163" ordinal="8" offset="275" sl="53" sc="13" el="53" ec="74" bec="0" bev="0" fileid="4" />
                <SequencePoint vc="0" uspid="164" ordinal="9" offset="306" sl="54" sc="13" el="55" ec="55" bec="0" bev="0" fileid="4" />
                <SequencePoint vc="0" uspid="165" ordinal="10" offset="372" sl="56" sc="9" el="56" ec="10" bec="0" bev="0" fileid="4" />
              </SequencePoints>
              <BranchPoints />
              <MethodPoint xsi:type="SequencePoint" vc="0" uspid="155" ordinal="0" offset="0" sl="21" sc="9" el="21" ec="10" bec="0" bev="0" fileid="4" />
            </Method>
            <Method visited="false" cyclomaticComplexity="1" nPathComplexity="0" sequenceCoverage="0" branchCoverage="0" isConstructor="false" isStatic="false" isGetter="false" isSetter="false">
              <Summary numSequencePoints="10" visitedSequencePoints="0" numBranchPoints="1" visitedBranchPoints="0" sequenceCoverage="0" branchCoverage="0" maxCyclomaticComplexity="1" minCyclomaticComplexity="1" visitedClasses="0" numClasses="0" visitedMethods="0" numMethods="1" />
              <MetadataToken>100663314</MetadataToken>
              <Name>System.Void ProjectManagerPortal.Tests.UserControllerTest::GetUser()</Name>
              <FileRef uid="4" />
              <SequencePoints>
                <SequencePoint vc="0" uspid="166" ordinal="0" offset="0" sl="60" sc="9" el="60" ec="10" bec="0" bev="0" fileid="4" />
                <SequencePoint vc="0" uspid="167" ordinal="1" offset="1" sl="61" sc="13" el="67" ec="15" bec="0" bev="0" fileid="4" />
                <SequencePoint vc="0" uspid="168" ordinal="2" offset="51" sl="69" sc="13" el="69" ec="51" bec="0" bev="0" fileid="4" />
                <SequencePoint vc="0" uspid="169" ordinal="3" offset="57" sl="70" sc="13" el="70" ec="71" bec="0" bev="0" fileid="4" />
                <SequencePoint vc="0" uspid="170" ordinal="4" offset="160" sl="72" sc="13" el="76" ec="15" bec="0" bev="0" fileid="4" />
                <SequencePoint vc="0" uspid="171" ordinal="5" offset="196" sl="78" sc="13" el="78" ec="65" bec="0" bev="0" fileid="4" />
                <SequencePoint vc="0" uspid="172" ordinal="6" offset="204" sl="80" sc="13" el="80" ec="54" bec="0" bev="0" fileid="4" />
                <SequencePoint vc="0" uspid="173" ordinal="7" offset="213" sl="81" sc="13" el="81" ec="65" bec="0" bev="0" fileid="4" />
                <SequencePoint vc="0" uspid="174" ordinal="8" offset="232" sl="82" sc="13" el="83" ec="49" bec="0" bev="0" fileid="4" />
                <SequencePoint vc="0" uspid="175" ordinal="9" offset="274" sl="84" sc="9" el="84" ec="10" bec="0" bev="0" fileid="4" />
              </SequencePoints>
              <BranchPoints />
              <MethodPoint xsi:type="SequencePoint" vc="0" uspid="166" ordinal="0" offset="0" sl="60" sc="9" el="60" ec="10" bec="0" bev="0" fileid="4" />
            </Method>
            <Method visited="false" cyclomaticComplexity="1" nPathComplexity="0" sequenceCoverage="0" branchCoverage="0" isConstructor="false" isStatic="false" isGetter="false" isSetter="false">
              <Summary numSequencePoints="8" visitedSequencePoints="0" numBranchPoints="1" visitedBranchPoints="0" sequenceCoverage="0" branchCoverage="0" maxCyclomaticComplexity="1" minCyclomaticComplexity="1" visitedClasses="0" numClasses="0" visitedMethods="0" numMethods="1" />
              <MetadataToken>100663315</MetadataToken>
              <Name>System.Void ProjectManagerPortal.Tests.UserControllerTest::AddUser()</Name>
              <FileRef uid="4" />
              <SequencePoints>
                <SequencePoint vc="0" uspid="176" ordinal="0" offset="6" sl="88" sc="9" el="88" ec="10" bec="0" bev="0" fileid="4" />
                <SequencePoint vc="0" uspid="177" ordinal="1" offset="7" sl="89" sc="13" el="95" ec="15" bec="0" bev="0" fileid="4" />
                <SequencePoint vc="0" uspid="178" ordinal="2" offset="62" sl="97" sc="13" el="97" ec="51" bec="0" bev="0" fileid="4" />
                <SequencePoint vc="0" uspid="179" ordinal="3" offset="68" sl="98" sc="13" el="98" ec="60" bec="0" bev="0" fileid="4" />
                <SequencePoint vc="0" uspid="180" ordinal="4" offset="175" sl="100" sc="13" el="104" ec="15" bec="0" bev="0" fileid="4" />
                <SequencePoint vc="0" uspid="181" ordinal="5" offset="211" sl="106" sc="13" el="106" ec="70" bec="0" bev="0" fileid="4" />
                <SequencePoint vc="0" uspid="182" ordinal="6" offset="224" sl="108" sc="13" el="108" ec="69" bec="0" bev="0" fileid="4" />
                <SequencePoint vc="0" uspid="183" ordinal="7" offset="256" sl="109" sc="9" el="109" ec="10" bec="0" bev="0" fileid="4" />
              </SequencePoints>
              <BranchPoints />
              <MethodPoint vc="0" uspid="184" ordinal="0" offset="0" />
            </Method>
            <Method visited="false" cyclomaticComplexity="1" nPathComplexity="0" sequenceCoverage="0" branchCoverage="0" isConstructor="false" isStatic="false" isGetter="false" isSetter="false">
              <Summary numSequencePoints="8" visitedSequencePoints="0" numBranchPoints="1" visitedBranchPoints="0" sequenceCoverage="0" branchCoverage="0" maxCyclomaticComplexity="1" minCyclomaticComplexity="1" visitedClasses="0" numClasses="0" visitedMethods="0" numMethods="1" />
              <MetadataToken>100663316</MetadataToken>
              <Name>System.Void ProjectManagerPortal.Tests.UserControllerTest::UpdateUser()</Name>
              <FileRef uid="4" />
              <SequencePoints>
                <SequencePoint vc="0" uspid="185" ordinal="0" offset="6" sl="113" sc="9" el="113" ec="10" bec="0" bev="0" fileid="4" />
                <SequencePoint vc="0" uspid="186" ordinal="1" offset="7" sl="114" sc="13" el="120" ec="15" bec="0" bev="0" fileid="4" />
                <SequencePoint vc="0" uspid="187" ordinal="2" offset="62" sl="122" sc="13" el="122" ec="51" bec="0" bev="0" fileid="4" />
                <SequencePoint vc="0" uspid="188" ordinal="3" offset="68" sl="123" sc="13" el="123" ec="63" bec="0" bev="0" fileid="4" />
                <SequencePoint vc="0" uspid="189" ordinal="4" offset="175" sl="125" sc="13" el="129" ec="15" bec="0" bev="0" fileid="4" />
                <SequencePoint vc="0" uspid="190" ordinal="5" offset="211" sl="131" sc="13" el="131" ec="85" bec="0" bev="0" fileid="4" />
                <SequencePoint vc="0" uspid="191" ordinal="6" offset="235" sl="133" sc="13" el="133" ec="70" bec="0" bev="0" fileid="4" />
                <SequencePoint vc="0" uspid="192" ordinal="7" offset="267" sl="134" sc="9" el="134" ec="10" bec="0" bev="0" fileid="4" />
              </SequencePoints>
              <BranchPoints />
              <MethodPoint vc="0" uspid="193" ordinal="0" offset="0" />
            </Method>
            <Method visited="false" cyclomaticComplexity="1" nPathComplexity="0" sequenceCoverage="0" branchCoverage="0" isConstructor="false" isStatic="false" isGetter="false" isSetter="false">
              <Summary numSequencePoints="7" visitedSequencePoints="0" numBranchPoints="1" visitedBranchPoints="0" sequenceCoverage="0" branchCoverage="0" maxCyclomaticComplexity="1" minCyclomaticComplexity="1" visitedClasses="0" numClasses="0" visitedMethods="0" numMethods="1" />
              <MetadataToken>100663317</MetadataToken>
              <Name>System.Void ProjectManagerPortal.Tests.UserControllerTest::DeleteUser()</Name>
              <FileRef uid="4" />
              <SequencePoints>
                <SequencePoint vc="0" uspid="194" ordinal="0" offset="0" sl="138" sc="9" el="138" ec="10" bec="0" bev="0" fileid="4" />
                <SequencePoint vc="0" uspid="195" ordinal="1" offset="1" sl="139" sc="13" el="139" ec="51" bec="0" bev="0" fileid="4" />
                <SequencePoint vc="0" uspid="196" ordinal="2" offset="7" sl="140" sc="13" el="140" ec="58" bec="0" bev="0" fileid="4" />
                <SequencePoint vc="0" uspid="197" ordinal="3" offset="101" sl="142" sc="13" el="146" ec="15" bec="0" bev="0" fileid="4" />
                <SequencePoint vc="0" uspid="198" ordinal="4" offset="137" sl="148" sc="13" el="148" ec="68" bec="0" bev="0" fileid="4" />
                <SequencePoint vc="0" uspid="199" ordinal="5" offset="145" sl="150" sc="13" el="150" ec="70" bec="0" bev="0" fileid="4" />
                <SequencePoint vc="0" uspid="200" ordinal="6" offset="177" sl="151" sc="9" el="151" ec="10" bec="0" bev="0" fileid="4" />
              </SequencePoints>
              <BranchPoints />
              <MethodPoint xsi:type="SequencePoint" vc="0" uspid="194" ordinal="0" offset="0" sl="138" sc="9" el="138" ec="10" bec="0" bev="0" fileid="4" />
            </Method>
            <Method visited="false" cyclomaticComplexity="1" nPathComplexity="0" sequenceCoverage="0" branchCoverage="0" isConstructor="true" isStatic="false" isGetter="false" isSetter="false">
              <Summary numSequencePoints="0" visitedSequencePoints="0" numBranchPoints="0" visitedBranchPoints="0" sequenceCoverage="0" branchCoverage="0" maxCyclomaticComplexity="1" minCyclomaticComplexity="1" visitedClasses="0" numClasses="0" visitedMethods="0" numMethods="0" />
              <MetadataToken>100663318</MetadataToken>
              <Name>System.Void ProjectManagerPortal.Tests.UserControllerTest::.ctor()</Name>
              <SequencePoints />
              <BranchPoints />
              <MethodPoint vc="0" uspid="201" ordinal="0" offset="0" />
            </Method>
          </Methods>
        </Class>
        <Class>
          <Summary numSequencePoints="0" visitedSequencePoints="0" numBranchPoints="0" visitedBranchPoints="0" sequenceCoverage="0" branchCoverage="0" maxCyclomaticComplexity="1" minCyclomaticComplexity="1" visitedClasses="0" numClasses="0" visitedMethods="0" numMethods="0" />
          <FullName>ProjectManagerPortal.Tests.UserControllerTest/&lt;&gt;c</FullName>
          <Methods>
            <Method visited="false" cyclomaticComplexity="1" nPathComplexity="0" sequenceCoverage="0" branchCoverage="0" isConstructor="true" isStatic="true" isGetter="false" isSetter="false">
              <Summary numSequencePoints="0" visitedSequencePoints="0" numBranchPoints="0" visitedBranchPoints="0" sequenceCoverage="0" branchCoverage="0" maxCyclomaticComplexity="1" minCyclomaticComplexity="1" visitedClasses="0" numClasses="0" visitedMethods="0" numMethods="0" />
              <MetadataToken>100663332</MetadataToken>
              <Name>System.Void ProjectManagerPortal.Tests.UserControllerTest/&lt;&gt;c::.cctor()</Name>
              <SequencePoints />
              <BranchPoints />
              <MethodPoint vc="0" uspid="202" ordinal="0" offset="0" />
            </Method>
            <Method visited="false" cyclomaticComplexity="1" nPathComplexity="0" sequenceCoverage="0" branchCoverage="0" isConstructor="true" isStatic="false" isGetter="false" isSetter="false">
              <Summary numSequencePoints="0" visitedSequencePoints="0" numBranchPoints="0" visitedBranchPoints="0" sequenceCoverage="0" branchCoverage="0" maxCyclomaticComplexity="1" minCyclomaticComplexity="1" visitedClasses="0" numClasses="0" visitedMethods="0" numMethods="0" />
              <MetadataToken>100663333</MetadataToken>
              <Name>System.Void ProjectManagerPortal.Tests.UserControllerTest/&lt;&gt;c::.ctor()</Name>
              <SequencePoints />
              <BranchPoints />
              <MethodPoint vc="0" uspid="203" ordinal="0" offset="0" />
            </Method>
          </Methods>
        </Class>
        <Class>
          <Summary numSequencePoints="0" visitedSequencePoints="0" numBranchPoints="0" visitedBranchPoints="0" sequenceCoverage="0" branchCoverage="0" maxCyclomaticComplexity="1" minCyclomaticComplexity="1" visitedClasses="0" numClasses="0" visitedMethods="0" numMethods="0" />
          <FullName>ProjectManagerPortal.Tests.UserControllerTest/&lt;&gt;c__DisplayClass2_0</FullName>
          <Methods>
            <Method visited="false" cyclomaticComplexity="1" nPathComplexity="0" sequenceCoverage="0" branchCoverage="0" isConstructor="true" isStatic="false" isGetter="false" isSetter="false">
              <Summary numSequencePoints="0" visitedSequencePoints="0" numBranchPoints="0" visitedBranchPoints="0" sequenceCoverage="0" branchCoverage="0" maxCyclomaticComplexity="1" minCyclomaticComplexity="1" visitedClasses="0" numClasses="0" visitedMethods="0" numMethods="0" />
              <MetadataToken>100663334</MetadataToken>
              <Name>System.Void ProjectManagerPortal.Tests.UserControllerTest/&lt;&gt;c__DisplayClass2_0::.ctor()</Name>
              <SequencePoints />
              <BranchPoints />
              <MethodPoint vc="0" uspid="204" ordinal="0" offset="0" />
            </Method>
          </Methods>
        </Class>
        <Class>
          <Summary numSequencePoints="0" visitedSequencePoints="0" numBranchPoints="0" visitedBranchPoints="0" sequenceCoverage="0" branchCoverage="0" maxCyclomaticComplexity="1" minCyclomaticComplexity="1" visitedClasses="0" numClasses="0" visitedMethods="0" numMethods="0" />
          <FullName>ProjectManagerPortal.Tests.UserControllerTest/&lt;&gt;c__DisplayClass3_0</FullName>
          <Methods>
            <Method visited="false" cyclomaticComplexity="1" nPathComplexity="0" sequenceCoverage="0" branchCoverage="0" isConstructor="true" isStatic="false" isGetter="false" isSetter="false">
              <Summary numSequencePoints="0" visitedSequencePoints="0" numBranchPoints="0" visitedBranchPoints="0" sequenceCoverage="0" branchCoverage="0" maxCyclomaticComplexity="1" minCyclomaticComplexity="1" visitedClasses="0" numClasses="0" visitedMethods="0" numMethods="0" />
              <MetadataToken>100663335</MetadataToken>
              <Name>System.Void ProjectManagerPortal.Tests.UserControllerTest/&lt;&gt;c__DisplayClass3_0::.ctor()</Name>
              <SequencePoints />
              <BranchPoints />
              <MethodPoint vc="0" uspid="205" ordinal="0" offset="0" />
            </Method>
          </Methods>
        </Class>
      </Classes>
    </Module>
    <Module skippedDueTo="Filter" hash="DB-51-67-8B-FF-A8-E3-BD-13-8F-61-66-63-3F-67-FB-8F-67-0D-82">
      <ModulePath>C:\Program Files (x86)\Microsoft Visual Studio\2017\Enterprise\Common7\IDE\PrivateAssemblies\Microsoft.VisualStudio.QualityTools.ControllerObject.dll</ModulePath>
      <ModuleTime>2018-08-21T07:13:30.965962Z</ModuleTime>
      <ModuleName>Microsoft.VisualStudio.QualityTools.ControllerObject</ModuleName>
      <Classes />
    </Module>
    <Module skippedDueTo="Filter" hash="FC-10-7C-55-5C-C1-EC-4C-27-61-9A-A4-8D-58-B5-52-F7-14-B3-DA">
      <ModulePath>C:\Program Files (x86)\Microsoft Visual Studio\2017\Enterprise\Common7\IDE\PrivateAssemblies\Microsoft.VisualStudio.QualityTools.Tips.UnitTest.AssemblyResolver.dll</ModulePath>
      <ModuleTime>2018-08-21T07:13:30.965962Z</ModuleTime>
      <ModuleName>Microsoft.VisualStudio.QualityTools.Tips.UnitTest.AssemblyResolver</ModuleName>
      <Classes />
    </Module>
    <Module skippedDueTo="Filter" hash="55-E0-1B-76-A0-3D-AC-19-E4-0B-1E-23-5F-39-F8-93-2B-0C-79-11">
      <ModulePath>C:\Program Files (x86)\Microsoft Visual Studio\2017\Enterprise\Common7\IDE\PublicAssemblies\Microsoft.VisualStudio.QualityTools.Common.dll</ModulePath>
      <ModuleTime>2018-08-21T07:13:30.965962Z</ModuleTime>
      <ModuleName>Microsoft.VisualStudio.QualityTools.Common</ModuleName>
      <Classes />
    </Module>
    <Module skippedDueTo="Filter" hash="1F-38-AC-8D-36-53-AD-AB-3A-55-A5-5D-A4-42-47-02-AE-53-D3-77">
      <ModulePath>C:\Program Files (x86)\Microsoft Visual Studio\2017\Enterprise\Common7\IDE\PrivateAssemblies\Microsoft.VisualStudio.QualityTools.AgentProcessManager.dll</ModulePath>
      <ModuleTime>2018-08-21T07:13:30.965962Z</ModuleTime>
      <ModuleName>Microsoft.VisualStudio.QualityTools.AgentProcessManager</ModuleName>
      <Classes />
    </Module>
    <Module skippedDueTo="Filter" hash="B5-2C-52-19-7F-DE-8E-1A-EE-7C-F3-4D-31-FC-77-A2-C4-49-EE-AB">
      <ModulePath>C:\WINDOWS\Microsoft.Net\assembly\GAC_MSIL\System.Runtime.Remoting\v4.0_4.0.0.0__b77a5c561934e089\System.Runtime.Remoting.dll</ModulePath>
      <ModuleTime>2018-04-11T23:35:17.0134Z</ModuleTime>
      <ModuleName>System.Runtime.Remoting</ModuleName>
      <Classes />
    </Module>
    <Module skippedDueTo="Filter" hash="FC-10-7C-55-5C-C1-EC-4C-27-61-9A-A4-8D-58-B5-52-F7-14-B3-DA">
[...]
              <Summary numSequencePoints="10" visitedSequencePoints="10" numBranchPoints="1" visitedBranchPoints="1" sequenceCoverage="100" branchCoverage="100" maxCyclomaticComplexity="1" minCyclomaticComplexity="1" visitedClasses="0" numClasses="0" visitedMethods="1" numMethods="1" />
              <MetadataToken>100663314</MetadataToken>
              <Name>System.Void ProjectManagerPortal.Tests.UserControllerTest::GetUser()</Name>
              <FileRef uid="12" />
              <SequencePoints>
                <SequencePoint vc="1" uspid="371" ordinal="0" offset="0" sl="60" sc="9" el="60" ec="10" bec="0" bev="0" fileid="12" />
                <SequencePoint vc="1" uspid="372" ordinal="1" offset="1" sl="61" sc="13" el="67" ec="15" bec="0" bev="0" fileid="12" />
                <SequencePoint vc="1" uspid="373" ordinal="2" offset="51" sl="69" sc="13" el="69" ec="51" bec="0" bev="0" fileid="12" />
                <SequencePoint vc="1" uspid="374" ordinal="3" offset="57" sl="70" sc="13" el="70" ec="71" bec="0" bev="0" fileid="12" />
                <SequencePoint vc="1" uspid="375" ordinal="4" offset="160" sl="72" sc="13" el="76" ec="15" bec="0" bev="0" fileid="12" />
                <SequencePoint vc="1" uspid="376" ordinal="5" offset="196" sl="78" sc="13" el="78" ec="65" bec="0" bev="0" fileid="12" />
                <SequencePoint vc="1" uspid="377" ordinal="6" offset="204" sl="80" sc="13" el="80" ec="54" bec="0" bev="0" fileid="12" />
                <SequencePoint vc="1" uspid="378" ordinal="7" offset="213" sl="81" sc="13" el="81" ec="65" bec="0" bev="0" fileid="12" />
                <SequencePoint vc="1" uspid="379" ordinal="8" offset="232" sl="82" sc="13" el="83" ec="49" bec="0" bev="0" fileid="12" />
                <SequencePoint vc="1" uspid="380" ordinal="9" offset="274" sl="84" sc="9" el="84" ec="10" bec="0" bev="0" fileid="12" />
              </SequencePoints>
              <BranchPoints />
              <MethodPoint xsi:type="SequencePoint" vc="1" uspid="371" ordinal="0" offset="0" sl="60" sc="9" el="60" ec="10" bec="0" bev="0" fileid="12" />
            </Method>
            <Method visited="true" cyclomaticComplexity="1" nPathComplexity="0" sequenceCoverage="100" branchCoverage="100" isConstructor="false" isStatic="false" isGetter="false" isSetter="false">
              <Summary numSequencePoints="8" visitedSequencePoints="8" numBranchPoints="1" visitedBranchPoints="1" sequenceCoverage="100" branchCoverage="100" maxCyclomaticComplexity="1" minCyclomaticComplexity="1" visitedClasses="0" numClasses="0" visitedMethods="1" numMethods="1" />
              <MetadataToken>100663315</MetadataToken>
              <Name>System.Void ProjectManagerPortal.Tests.UserControllerTest::AddUser()</Name>
              <FileRef uid="12" />
              <SequencePoints>
                <SequencePoint vc="1" uspid="381" ordinal="0" offset="6" sl="88" sc="9" el="88" ec="10" bec="0" bev="0" fileid="12" />
                <SequencePoint vc="1" uspid="382" ordinal="1" offset="7" sl="89" sc="13" el="95" ec="15" bec="0" bev="0" fileid="12" />
                <SequencePoint vc="1" uspid="383" ordinal="2" offset="62" sl="97" sc="13" el="97" ec="51" bec="0" bev="0" fileid="12" />
                <SequencePoint vc="1" uspid="384" ordinal="3" offset="68" sl="98" sc="13" el="98" ec="60" bec="0" bev="0" fileid="12" />
                <SequencePoint vc="1" uspid="385" ordinal="4" offset="175" sl="100" sc="13" el="104" ec="15" bec="0" bev="0" fileid="12" />
                <SequencePoint vc="1" uspid="386" ordinal="5" offset="211" sl="106" sc="13" el="106" ec="70" bec="0" bev="0" fileid="12" />
                <SequencePoint vc="1" uspid="387" ordinal="6" offset="224" sl="108" sc="13" el="108" ec="69" bec="0" bev="0" fileid="12" />
                <SequencePoint vc="1" uspid="388" ordinal="7" offset="256" sl="109" sc="9" el="109" ec="10" bec="0" bev="0" fileid="12" />
              </SequencePoints>
              <BranchPoints />
              <MethodPoint vc="1" uspid="389" ordinal="0" offset="0" />
            </Method>
            <Method visited="true" cyclomaticComplexity="1" nPathComplexity="0" sequenceCoverage="100" branchCoverage="100" isConstructor="false" isStatic="false" isGetter="false" isSetter="false">
              <Summary numSequencePoints="8" visitedSequencePoints="8" numBranchPoints="1" visitedBranchPoints="1" sequenceCoverage="100" branchCoverage="100" maxCyclomaticComplexity="1" minCyclomaticComplexity="1" visitedClasses="0" numClasses="0" visitedMethods="1" numMethods="1" />
              <MetadataToken>100663316</MetadataToken>
              <Name>System.Void ProjectManagerPortal.Tests.UserControllerTest::UpdateUser()</Name>
              <FileRef uid="12" />
              <SequencePoints>
                <SequencePoint vc="1" uspid="390" ordinal="0" offset="6" sl="113" sc="9" el="113" ec="10" bec="0" bev="0" fileid="12" />
                <SequencePoint vc="1" uspid="391" ordinal="1" offset="7" sl="114" sc="13" el="120" ec="15" bec="0" bev="0" fileid="12" />
                <SequencePoint vc="1" uspid="392" ordinal="2" offset="62" sl="122" sc="13" el="122" ec="51" bec="0" bev="0" fileid="12" />
                <SequencePoint vc="1" uspid="393" ordinal="3" offset="68" sl="123" sc="13" el="123" ec="63" bec="0" bev="0" fileid="12" />
                <SequencePoint vc="1" uspid="394" ordinal="4" offset="175" sl="125" sc="13" el="129" ec="15" bec="0" bev="0" fileid="12" />
                <SequencePoint vc="1" uspid="395" ordinal="5" offset="211" sl="131" sc="13" el="131" ec="85" bec="0" bev="0" fileid="12" />
                <SequencePoint vc="1" uspid="396" ordinal="6" offset="235" sl="133" sc="13" el="133" ec="70" bec="0" bev="0" fileid="12" />
                <SequencePoint vc="1" uspid="397" ordinal="7" offset="267" sl="134" sc="9" el="134" ec="10" bec="0" bev="0" fileid="12" />
              </SequencePoints>
              <BranchPoints />
              <MethodPoint vc="1" uspid="398" ordinal="0" offset="0" />
            </Method>
            <Method visited="true" cyclomaticComplexity="1" nPathComplexity="0" sequenceCoverage="100" branchCoverage="100" isConstructor="false" isStatic="false" isGetter="false" isSetter="false">
              <Summary numSequencePoints="7" visitedSequencePoints="7" numBranchPoints="1" visitedBranchPoints="1" sequenceCoverage="100" branchCoverage="100" maxCyclomaticComplexity="1" minCyclomaticComplexity="1" visitedClasses="0" numClasses="0" visitedMethods="1" numMethods="1" />
              <MetadataToken>100663317</MetadataToken>
              <Name>System.Void ProjectManagerPortal.Tests.UserControllerTest::DeleteUser()</Name>
              <FileRef uid="12" />
              <SequencePoints>
                <SequencePoint vc="1" uspid="399" ordinal="0" offset="0" sl="138" sc="9" el="138" ec="10" bec="0" bev="0" fileid="12" />
                <SequencePoint vc="1" uspid="400" ordinal="1" offset="1" sl="139" sc="13" el="139" ec="51" bec="0" bev="0" fileid="12" />
                <SequencePoint vc="1" uspid="401" ordinal="2" offset="7" sl="140" sc="13" el="140" ec="58" bec="0" bev="0" fileid="12" />
                <SequencePoint vc="1" uspid="402" ordinal="3" offset="101" sl="142" sc="13" el="146" ec="15" bec="0" bev="0" fileid="12" />
                <SequencePoint vc="1" uspid="403" ordinal="4" offset="137" sl="148" sc="13" el="148" ec="68" bec="0" bev="0" fileid="12" />
                <SequencePoint vc="1" uspid="404" ordinal="5" offset="145" sl="150" sc="13" el="150" ec="70" bec="0" bev="0" fileid="12" />
                <SequencePoint vc="1" uspid="405" ordinal="6" offset="177" sl="151" sc="9" el="151" ec="10" bec="0" bev="0" fileid="12" />
              </SequencePoints>
              <BranchPoints />
              <MethodPoint xsi:type="SequencePoint" vc="1" uspid="399" ordinal="0" offset="0" sl="138" sc="9" el="138" ec="10" bec="0" bev="0" fileid="12" />
            </Method>
            <Method visited="true" cyclomaticComplexity="1" nPathComplexity="0" sequenceCoverage="0" branchCoverage="0" isConstructor="true" isStatic="false" isGetter="false" isSetter="false">
              <Summary numSequencePoints="0" visitedSequencePoints="0" numBranchPoints="0" visitedBranchPoints="0" sequenceCoverage="0" branchCoverage="0" maxCyclomaticComplexity="1" minCyclomaticComplexity="1" visitedClasses="0" numClasses="0" visitedMethods="0" numMethods="0" />
              <MetadataToken>100663318</MetadataToken>
              <Name>System.Void ProjectManagerPortal.Tests.UserControllerTest::.ctor()</Name>
              <SequencePoints />
              <BranchPoints />
              <MethodPoint vc="5" uspid="406" ordinal="0" offset="0" />
            </Method>
          </Methods>
        </Class>
        <Class>
          <Summary numSequencePoints="0" visitedSequencePoints="0" numBranchPoints="0" visitedBranchPoints="0" sequenceCoverage="0" branchCoverage="0" maxCyclomaticComplexity="1" minCyclomaticComplexity="1" visitedClasses="0" numClasses="0" visitedMethods="0" numMethods="0" />
          <FullName>ProjectManagerPortal.Tests.UserControllerTest/&lt;&gt;c</FullName>
          <Methods>
            <Method visited="false" cyclomaticComplexity="1" nPathComplexity="0" sequenceCoverage="0" branchCoverage="0" isConstructor="true" isStatic="true" isGetter="false" isSetter="false">
              <Summary numSequencePoints="0" visitedSequencePoints="0" numBranchPoints="0" visitedBranchPoints="0" sequenceCoverage="0" branchCoverage="0" maxCyclomaticComplexity="1" minCyclomaticComplexity="1" visitedClasses="0" numClasses="0" visitedMethods="0" numMethods="0" />
              <MetadataToken>100663332</MetadataToken>
              <Name>System.Void ProjectManagerPortal.Tests.UserControllerTest/&lt;&gt;c::.cctor()</Name>
              <SequencePoints />
              <BranchPoints />
              <MethodPoint vc="0" uspid="407" ordinal="0" offset="0" />
            </Method>
            <Method visited="false" cyclomaticComplexity="1" nPathComplexity="0" sequenceCoverage="0" branchCoverage="0" isConstructor="true" isStatic="false" isGetter="false" isSetter="false">
              <Summary numSequencePoints="0" visitedSequencePoints="0" numBranchPoints="0" visitedBranchPoints="0" sequenceCoverage="0" branchCoverage="0" maxCyclomaticComplexity="1" minCyclomaticComplexity="1" visitedClasses="0" numClasses="0" visitedMethods="0" numMethods="0" />
              <MetadataToken>100663333</MetadataToken>
              <Name>System.Void ProjectManagerPortal.Tests.UserControllerTest/&lt;&gt;c::.ctor()</Name>
              <SequencePoints />
              <BranchPoints />
              <MethodPoint vc="0" uspid="408" ordinal="0" offset="0" />
            </Method>
          </Methods>
        </Class>
        <Class>
          <Summary numSequencePoints="0" visitedSequencePoints="0" numBranchPoints="0" visitedBranchPoints="0" sequenceCoverage="0" branchCoverage="0" maxCyclomaticComplexity="1" minCyclomaticComplexity="1" visitedClasses="0" numClasses="0" visitedMethods="0" numMethods="0" />
          <FullName>ProjectManagerPortal.Tests.UserControllerTest/&lt;&gt;c__DisplayClass2_0</FullName>
          <Methods>
            <Method visited="true" cyclomaticComplexity="1" nPathComplexity="0" sequenceCoverage="0" branchCoverage="0" isConstructor="true" isStatic="false" isGetter="false" isSetter="false">
              <Summary numSequencePoints="0" visitedSequencePoints="0" numBranchPoints="0" visitedBranchPoints="0" sequenceCoverage="0" branchCoverage="0" maxCyclomaticComplexity="1" minCyclomaticComplexity="1" visitedClasses="0" numClasses="0" visitedMethods="0" numMethods="0" />
              <MetadataToken>100663334</MetadataToken>
              <Name>System.Void ProjectManagerPortal.Tests.UserControllerTest/&lt;&gt;c__DisplayClass2_0::.ctor()</Name>
              <SequencePoints />
              <BranchPoints />
              <MethodPoint vc="1" uspid="409" ordinal="0" offset="0" />
            </Method>
          </Methods>
        </Class>
        <Class>
          <Summary numSequencePoints="0" visitedSequencePoints="0" numBranchPoints="0" visitedBranchPoints="0" sequenceCoverage="0" branchCoverage="0" maxCyclomaticComplexity="1" minCyclomaticComplexity="1" visitedClasses="0" numClasses="0" visitedMethods="0" numMethods="0" />
          <FullName>ProjectManagerPortal.Tests.UserControllerTest/&lt;&gt;c__DisplayClass3_0</FullName>
          <Methods>
            <Method visited="true" cyclomaticComplexity="1" nPathComplexity="0" sequenceCoverage="0" branchCoverage="0" isConstructor="true" isStatic="false" isGetter="false" isSetter="false">
              <Summary numSequencePoints="0" visitedSequencePoints="0" numBranchPoints="0" visitedBranchPoints="0" sequenceCoverage="0" branchCoverage="0" maxCyclomaticComplexity="1" minCyclomaticComplexity="1" visitedClasses="0" numClasses="0" visitedMethods="0" numMethods="0" />
              <MetadataToken>100663335</MetadataToken>
              <Name>System.Void ProjectManagerPortal.Tests.UserControllerTest/&lt;&gt;c__DisplayClass3_0::.ctor()</Name>
              <SequencePoints />
              <BranchPoints />
              <MethodPoint vc="1" uspid="410" ordinal="0" offset="0" />
            </Method>
          </Methods>
        </Class>
      </Classes>
    </Module>
    <Module skippedDueTo="Filter" hash="B8-ED-36-EA-D0-75-B4-BD-ED-54-A1-69-8D-1B-48-A9-10-B6-19-C9">
      <ModulePath>C:\Users\Admin\Documents\Visual Studio 2017\Projects\ProjectManagerPortal\ProjectManagerPortal.Tests\bin\Debug\TestResults\Admin_DOTNET 2018-09-06 17_37_42\Out\ProjectManager.DL.dll</ModulePath>
      <ModuleTime>2018-09-06T11:40:55.0374504Z</ModuleTime>
      <ModuleName>ProjectManager.DL</ModuleName>
      <Classes />
    </Module>
    <Module skippedDueTo="Filter" hash="39-78-96-31-B7-B5-98-A6-5A-C6-D9-E2-FF-C4-59-E0-B6-4A-9E-D2">
      <ModulePath>C:\Users\Admin\Documents\Visual Studio 2017\Projects\ProjectManagerPortal\ProjectManagerPortal.Tests\bin\Debug\TestResults\Admin_DOTNET 2018-09-06 17_37_42\Out\Moq.dll</ModulePath>
      <ModuleTime>2018-07-13T12:48:20Z</ModuleTime>
      <ModuleName>Moq</ModuleName>
      <Classes />
    </Module>
    <Module skippedDueTo="Filter" hash="D3-7C-37-84-C7-27-12-FB-63-17-48-25-E8-45-8D-27-4E-E4-7F-78">
      <ModulePath>C:\Users\Admin\Documents\Visual Studio 2017\Projects\ProjectManagerPortal\ProjectManagerPortal.Tests\bin\Debug\TestResults\Admin_DOTNET 2018-09-06 17_37_42\Out\ProjectManagerPortal.dll</ModulePath>
      <ModuleTime>2018-09-06T11:41:02.8024516Z</ModuleTime>
      <ModuleName>ProjectManagerPortal</ModuleName>
      <Classes />
    </Module>
    <Module skippedDueTo="Filter" hash="F9-9B-B5-71-3A-BE-A4-D1-7B-42-24-6F-13-97-0A-EB-C4-29-42-FE">
      <ModulePath>C:\Users\Admin\Documents\Visual Studio 2017\Projects\ProjectManagerPortal\ProjectManagerPortal.Tests\bin\Debug\TestResults\Admin_DOTNET 2018-09-06 17_37_42\Out\System.Web.Http.dll</ModulePath>
      <ModuleTime>2018-05-10T17:09:16Z</ModuleTime>
      <ModuleName>System.Web.Http</ModuleName>
      <Classes />
    </Module>
    <Module skippedDueTo="Filter" hash="19-6F-A5-C6-C2-4E-32-27-A2-D0-61-D8-30-02-1D-0F-63-C0-78-46">
      <ModulePath>C:\WINDOWS\Microsoft.Net\assembly\GAC_MSIL\System.Net.Http\v4.0_4.0.0.0__b03f5f7f11d50a3a\System.Net.Http.dll</ModulePath>
      <ModuleTime>2018-04-11T23:35:18.1697369Z</ModuleTime>
      <ModuleName>System.Net.Http</ModuleName>
      <Classes />
    </Module>
    <Module skippedDueTo="Filter" hash="9C-75-55-9F-AD-D5-06-26-64-CB-04-EC-20-DB-A3-7F-FE-FD-2E-4E">
      <ModulePath>C:\Users\Admin\Documents\Visual Studio 2017\Projects\ProjectManagerPortal\ProjectManagerPortal.Tests\bin\Debug\TestResults\Admin_DOTNET 2018-09-06 17_37_42\Out\System.Threading.Tasks.Extensions.dll</ModulePath>
      <ModuleTime>2016-11-04T23:27:24Z</ModuleTime>
      <ModuleName>System.Threading.Tasks.Extensions</ModuleName>
      <Classes />
    </Module>
    <Module skippedDueTo="Filter" hash="F1-67-10-FE-CA-06-2B-45-18-C0-DB-E8-DB-07-A4-7E-5B-25-BD-51">
      <ModulePath>C:\WINDOWS\Microsoft.Net\assembly\GAC_MSIL\System.Runtime\v4.0_4.0.0.0__b03f5f7f11d50a3a\System.Runtime.dll</ModulePath>
      <ModuleTime>2018-04-11T23:35:18.1697369Z</ModuleTime>
      <ModuleName>System.Runtime</ModuleName>
      <Classes />
    </Module>
    <Module skippedDueTo="Filter" hash="A1-EF-AE-EF-F6-7F-A8-E1-6A-92-21-98-48-E4-0F-17-08-CE-17-AF">
      <ModulePath>C:\WINDOWS\Microsoft.Net\assembly\GAC_MSIL\System.ValueTuple\v4.0_4.0.0.0__cc7b13ffcd2ddd51\System.ValueTuple.dll</ModulePath>
      <ModuleTime>2018-04-11T23:35:18.2634939Z</ModuleTime>
      <ModuleName>System.ValueTuple</ModuleName>
      <Classes />
    </Module>
    <Module skippedDueTo="Filter" hash="04-E9-C9-8D-81-2A-18-0D-95-44-41-F4-12-25-FF-D6-EB-6E-D6-0A">
      <ModulePath>C:\Users\Admin\Documents\Visual Studio 2017\Projects\ProjectManagerPortal\ProjectManagerPortal.Tests\bin\Debug\TestResults\Admin_DOTNET 2018-09-06 17_37_42\Out\Castle.Core.dll</ModulePath>
      <ModuleTime>2018-06-20T09:37:38Z</ModuleTime>
      <ModuleName>Castle.Core</ModuleName>
      <Classes />
    </Module>
    <Module skippedDueTo="Filter" hash="">
      <ModulePath>RefEmit_InMemoryManifestModule</ModulePath>
      <ModuleTime>0001-01-01T00:00:00</ModuleTime>
      <ModuleName>Anonymously Hosted DynamicMethods Assembly</ModuleName>
      <Classes />
    </Module>
    <Module skippedDueTo="Filter" hash="">
      <ModulePath>RefEmit_InMemoryManifestModule</ModulePath>
      <ModuleTime>0001-01-01T00:00:00</ModuleTime>
      <ModuleName>DynamicProxyGenAssembly2</ModuleName>
      <Classes />
    </Module>
    <Module skippedDueTo="Filter" hash="B7-D1-9C-31-96-02-8C-28-B4-09-85-A5-C0-9C-C7-AD-B7-B4-3D-74">
      <ModulePath>C:\Users\Admin\Documents\Visual Studio 2017\Projects\ProjectManagerPortal\ProjectManagerPortal.Tests\bin\Debug\TestResults\Admin_DOTNET 2018-09-06 17_37_42\Out\System.Net.Http.Formatting.dll</ModulePath>
      <ModuleTime>2018-05-10T17:08:56Z</ModuleTime>
      <ModuleName>System.Net.Http.Formatting</ModuleName>
      <Classes />
    </Module>
    <Module skippedDueTo="Filter" hash="C4-7C-C3-38-36-0B-B8-36-6C-A0-A6-C1-5B-BD-AB-0E-53-93-02-31">
      <ModulePath>C:\WINDOWS\Microsoft.Net\assembly\GAC_MSIL\System.Runtime.Serialization\v4.0_4.0.0.0__b77a5c561934e089\System.Runtime.Serialization.dll</ModulePath>
      <ModuleTime>2018-08-06T08:35:20.0426173Z</ModuleTime>
      <ModuleName>System.Runtime.Serialization</ModuleName>
      <Classes />
    </Module>
    <Module skippedDueTo="Filter" hash="6B-FF-58-4C-0C-5A-00-9D-BF-52-F2-62-A9-B6-E0-02-E7-F5-32-B8">
      <ModulePath>C:\WINDOWS\Microsoft.Net\assembly\GAC_MSIL\SMDiagnostics\v4.0_4.0.0.0__b77a5c561934e089\SMDiagnostics.dll</ModulePath>
      <ModuleTime>2018-08-06T08:35:20.1051088Z</ModuleTime>
      <ModuleName>SMDiagnostics</ModuleName>
      <Classes />
    </Module>
    <Module skippedDueTo="Filter" hash="EB-B8-9D-4D-76-59-EF-77-B6-58-A8-6A-D0-0D-BA-0E-AD-86-9F-4C">
      <ModulePath>C:\Users\Admin\Documents\Visual Studio 2017\Projects\ProjectManagerPortal\ProjectManagerPortal.Tests\bin\Debug\TestResults\Admin_DOTNET 2018-09-06 17_37_42\Out\Newtonsoft.Json.dll</ModulePath>
      <ModuleTime>2014-08-03T15:03:56Z</ModuleTime>
      <ModuleName>Newtonsoft.Json</ModuleName>
      <Classes />
    </Module>
    <Module skippedDueTo="Filter" hash="32-A3-E1-18-B7-AB-86-5B-F0-BC-52-2D-F2-94-C4-45-4E-C6-20-AE">
      <ModulePath>C:\WINDOWS\Microsoft.Net\assembly\GAC_MSIL\System.ServiceModel.Internals\v4.0_4.0.0.0__31bf3856ad364e35\System.ServiceModel.Internals.dll</ModulePath>
      <ModuleTime>2018-08-06T08:35:19.6363662Z</ModuleTime>
      <ModuleName>System.ServiceModel.Internals</ModuleName>
      <Classes />
    </Module>
  </Modules>
</CoverageSession>